<?xml version="1.0" encoding="UTF-8"?>
<!-- Generated by org.testng.reporters.JUnitXMLReporter -->
<testsuite hostname="REKHASU1" name="Default test" tests="2" failures="0" timestamp="13 Jun 2014 11:44:58 GMT" time="14.267" errors="0">
  <testcase name="invalidTokenGetMetersResponseCode" time="2.294" classname="org.ceilometer.CeilometerTestAutomationSuite.MeterListTest1"/>
  <testcase name="verifyGetMetersResponseCode" time="6.141" classname="org.ceilometer.CeilometerTestAutomationSuite.MeterListTest1"/>
</testsuite> <!-- Default test -->
