<?xml version="1.0" encoding="UTF-8"?>
<!-- Generated by org.testng.reporters.JUnitXMLReporter -->
<testsuite hostname="REKHASU1" name="Regression1" tests="9" failures="0" timestamp="13 Jun 2014 10:35:39 GMT" time="82.215" errors="0">
  <testcase name="validateMeterListFilterMeter_id" time="0.006" classname="org.ceilometer.CeilometerTestAutomationSuite.MeterListFilterVerificationTest"/>
  <testcase name="meterListResponseJSONObjectsExist" time="3.66" classname="org.ceilometer.CeilometerTestAutomationSuite.MeterListFilterWithFields"/>
  <testcase name="validateMeterListResponseJSONFields" time="1.772" classname="org.ceilometer.CeilometerTestAutomationSuite.MeterListFilterWithFields"/>
  <testcase name="verifyMeterListFilterWithMeterIdAllJSONFieldsExist" time="20.133" classname="org.ceilometer.CeilometerTestAutomationSuite.MeterListFilterWithFields"/>
  <testcase name="verifyMeterListFilterWithMeterIdResponseCode" time="29.715" classname="org.ceilometer.CeilometerTestAutomationSuite.MeterListFilterWithFields"/>
  <testcase name="invalidTokenGetMetersResponseCode" time="1.718" classname="org.ceilometer.CeilometerTestAutomationSuite.MeterListTest1"/>
  <testcase name="verifyGetMetersResponseCode" time="5.672" classname="org.ceilometer.CeilometerTestAutomationSuite.MeterListTest1"/>
  <testcase name="meterListResponseJSONObjectsExist" time="2.959" classname="org.ceilometer.CeilometerTestAutomationSuite.MeterListValidatorTest"/>
  <testcase name="validateMeterListResponseJSONFields" time="2.005" classname="org.ceilometer.CeilometerTestAutomationSuite.MeterListValidatorTest"/>
</testsuite> <!-- Regression1 -->
