<?xml version="1.0" encoding="UTF-8" ?>
<testsuite failures="2" time="353.808" errors="0" skipped="1" tests="30" name="TestSuite">
  <properties>
[...]
</properties>
  <testcase time="12.273" classname="org.ceilometer.CeilometerTestAutomationSuite.FilterQueryByUserIDTest" name="userIdFilterQueryResponseAssertionTest"/>
  <testcase time="12.809" classname="org.ceilometer.CeilometerTestAutomationSuite.FilterQueryByUserIDTest" name="userIdFilterQueryResponseAllJSONfieldsExist"/>
  <testcase time="8.938" classname="org.ceilometer.CeilometerTestAutomationSuite.FilterQueryByUserIDTest" name="userIdFilterQueryVerifyuserIdValue"/>
  <testcase time="11.265" classname="org.ceilometer.CeilometerTestAutomationSuite.FilterQueryProjectIDTest" name="projectIdFilterQueryTestResponseAssertionTest"/>
  <testcase time="8.67" classname="org.ceilometer.CeilometerTestAutomationSuite.FilterQueryProjectIDTest" name="projectIdFilterQueryResponseAllJSONfieldsExist"/>
  <testcase time="7.833" classname="org.ceilometer.CeilometerTestAutomationSuite.FilterQueryProjectIDTest" name="projectIdFilterQueryVerifyProjectIdValue"/>
  <testcase time="9.405" classname="org.ceilometer.CeilometerTestAutomationSuite.MeterListFilterQuerybyServiceIDTest1" name="serviceIdFilterQueryResponseAllJSONfieldsExist"/>
  <testcase time="10.391" classname="org.ceilometer.CeilometerTestAutomationSuite.MeterListFilterQuerybyServiceIDTest1" name="serviceIdFilterQueryResponseAssertionTest"/>
  <testcase time="10.419" classname="org.ceilometer.CeilometerTestAutomationSuite.MeterListFilterQuerybyServiceIDTest1" name="serviceIdFilterQueryResponseVerifyserviceIdValue"/>
  <testcase time="5.726" classname="org.ceilometer.CeilometerTestAutomationSuite.MeterListFilterQueryByTimestamp_EQ_Test" name="timeStampFilterEqualsToQueryResponseAssertion">
    <failure message="expected:&lt;400&gt; but was:&lt;200&gt;" type="junit.framework.AssertionFailedError">junit.framework.AssertionFailedError: expected:&lt;400&gt; but was:&lt;200&gt;
	at junit.framework.Assert.fail(Assert.java:50)
	at junit.framework.Assert.failNotEquals(Assert.java:287)
	at junit.framework.Assert.assertEquals(Assert.java:67)
	at junit.framework.Assert.assertEquals(Assert.java:199)
	at junit.framework.Assert.assertEquals(Assert.java:205)
	at org.ceilometer.CeilometerTestAutomationSuite.MeterListFilterQueryByTimestamp_EQ_Test.timeStampFilterEqualsToQueryResponseAssertion(MeterListFilterQueryByTimestamp_EQ_Test.java:68)
</failure>
  </testcase>
  <testcase time="5.728" classname="org.ceilometer.CeilometerTestAutomationSuite.MeterListFilterQueryByTimestamp_EQ_Test" name="timeStampFilterEqualsToQueryResponseAllJSONfieldsExist">
    <skipped/>
  </testcase>
  <testcase time="23.437" classname="org.ceilometer.CeilometerTestAutomationSuite.MeterListFilterQueryByTimestamp_GE_Test" name="timeStampFilterGreaterThanOrEqualToQueryResponseAllJSONfieldsExist"/>
  <testcase time="16.895" classname="org.ceilometer.CeilometerTestAutomationSuite.MeterListFilterQueryByTimestamp_GE_Test" name="timeStampFilterGreaterThanOrEqualToQueryResponseAssertion"/>
  <testcase time="22.083" classname="org.ceilometer.CeilometerTestAutomationSuite.MeterListFilterQueryByTimestamp_GT_Test" name="timeStampFilterGreaterThanQueryResponseAllJSONfieldsExist"/>
  <testcase time="16.485" classname="org.ceilometer.CeilometerTestAutomationSuite.MeterListFilterQueryByTimestamp_GT_Test" name="timeStampFilterGreaterThanQueryResponseAssertion"/>
  <testcase time="22.936" classname="org.ceilometer.CeilometerTestAutomationSuite.MeterListFilterQueryByTimestamp_LE_Test" name="timeStampFilterLessThanOrEqualToQueryResponseAllJSONfieldsExist"/>
  <testcase time="16.093" classname="org.ceilometer.CeilometerTestAutomationSuite.MeterListFilterQueryByTimestamp_LE_Test" name="timeStampFilterLessThanOrEqualToQueryResponseAssertion"/>
  <testcase time="22.777" classname="org.ceilometer.CeilometerTestAutomationSuite.MeterListFilterQueryByTimestamp_LT_Test" name="timeStampFilterLessThanQueryResponseAllJSONfieldsExist"/>
  <testcase time="15.055" classname="org.ceilometer.CeilometerTestAutomationSuite.MeterListFilterQueryByTimestamp_LT_Test" name="timeStampFilterLessThanQueryResponseAssertion"/>
  <testcase time="12.085" classname="org.ceilometer.CeilometerTestAutomationSuite.MeterListFilterWithFieldsTest" name="verifyMeterListFilterWithMeterIdResponseCode"/>
  <testcase time="2.07" classname="org.ceilometer.CeilometerTestAutomationSuite.MeterListFilterWithFieldsTest" name="validateMeterListResponseJSONFields"/>
  <testcase time="1.006" classname="org.ceilometer.CeilometerTestAutomationSuite.MeterListFilterWithFieldsTest" name="meterListResponseJSONObjectsExist"/>
  <testcase time="8.621" classname="org.ceilometer.CeilometerTestAutomationSuite.MeterListFilterWithFieldsTest" name="verifyMeterListFilterWithMeterIdAllJSONFieldsExist"/>
  <testcase time="3.128" classname="org.ceilometer.CeilometerTestAutomationSuite.MeterListTest" name="invalidTokenGetMetersResponseCode"/>
  <testcase time="3.034" classname="org.ceilometer.CeilometerTestAutomationSuite.MeterListTest" name="verifyGetMetersResponseCode"/>
  <testcase time="1.792" classname="org.ceilometer.CeilometerTestAutomationSuite.MeterListValidatorTest" name="meterListResponseJSONObjectsExist"/>
  <testcase time="0.949" classname="org.ceilometer.CeilometerTestAutomationSuite.MeterListValidatorTest" name="validateMeterListResponseJSONFields"/>
  <testcase time="9.03" classname="org.ceilometer.CeilometerTestAutomationSuite.MeterListWithMeterNameTest" name="meterListWithMeterNameResponseAssertionTest"/>
  <testcase time="8.891" classname="org.ceilometer.CeilometerTestAutomationSuite.MeterListWithMeterNameTest" name="meterListWithMeterNameAllJSONFieldsExistTest"/>
  <testcase time="6.365" classname="org.ceilometer.CeilometerTestAutomationSuite.MeterListWithMeterNameTest" name="meterListWithMeterNameVerifyMeterNameTest">
    <failure type="junit.framework.AssertionFailedError">junit.framework.AssertionFailedError
	at junit.framework.Assert.fail(Assert.java:48)
	at junit.framework.Assert.assertTrue(Assert.java:20)
	at junit.framework.Assert.assertTrue(Assert.java:27)
	at org.ceilometer.CeilometerTestAutomationSuite.MeterListWithMeterNameTest.meterListWithMeterNameVerifyMeterNameTest(MeterListWithMeterNameTest.java:99)
</failure>
    <system-out>[{counter_name=instance:standard.large, user_id=10377784155861, resource_id=, timestamp=2013-11-13T12:00:00, resource_metadata={service=COMP}, source=1:1, counter_unit=h, counter_volume=20.0, project_id=10335348806483, message_id=, counter_type=gauge}, {counter_name=instance:standard.large, user_id=10377784155861, resource_id=, timestamp=2013-11-14T12:00:00, resource_metadata={service=COMP}, source=1:1, counter_unit=h, counter_volume=24.0, project_id=10335348806483, message_id=, counter_type=gauge}, {counter_name=instance:standard.large, user_id=10377784155861, resource_id=, timestamp=2013-11-15T12:00:00, resource_metadata={service=COMP}, source=1:1, counter_unit=h, counter_volume=24.0, project_id=10335348806483, message_id=, counter_type=gauge}, {counter_name=instance:standard.large, user_id=10377784155861, resource_id=, timestamp=2013-11-26T12:00:00, resource_metadata={service=COMP}, source=1:1, counter_unit=h, counter_volume=9.0, project_id=10335348806483, message_id=, counter_type=gauge}, {counter_name=instance:standard.large, user_id=10377784155861, resource_id=, timestamp=2013-11-27T12:00:00, resource_metadata={service=COMP}, source=1:1, counter_unit=h, counter_volume=4.0, project_id=10335348806483, message_id=, counter_type=gauge}, {counter_name=instance:standard.large, user_id=10377784155861, resource_id=, timestamp=2013-12-04T12:00:00, resource_metadata={service=COMP}, source=1:1, counter_unit=h, counter_volume=10.0, project_id=10335348806483, message_id=, counter_type=gauge}, {counter_name=instance:standard.large, user_id=10377784155861, resource_id=, timestamp=2013-12-05T12:00:00, resource_metadata={service=COMP}, source=1:1, counter_unit=h, counter_volume=24.0, project_id=10335348806483, message_id=, counter_type=gauge}, {counter_name=instance:standard.large, user_id=10377784155861, resource_id=, timestamp=2013-12-06T12:00:00, resource_metadata={service=COMP}, source=1:1, counter_unit=h, counter_volume=24.0, project_id=10335348806483, message_id=, counter_type=gauge}, {counter_name=instance:standard.large, user_id=10377784155861, resource_id=, timestamp=2013-12-07T12:00:00, resource_metadata={service=COMP}, source=1:1, counter_unit=h, counter_volume=24.0, project_id=10335348806483, message_id=, counter_type=gauge}, {counter_name=instance:standard.large, user_id=10377784155861, resource_id=, timestamp=2013-12-08T12:00:00, resource_metadata={service=COMP}, source=1:1, counter_unit=h, counter_volume=24.0, project_id=10335348806483, message_id=, counter_type=gauge}, {counter_name=instance:standard.large, user_id=10377784155861, resource_id=, timestamp=2013-12-09T12:00:00, resource_metadata={service=COMP}, source=1:1, counter_unit=h, counter_volume=24.0, project_id=10335348806483, message_id=, counter_type=gauge}, {counter_name=instance:standard.large, user_id=10377784155861, resource_id=, timestamp=2013-12-10T12:00:00, resource_metadata={service=COMP}, source=1:1, counter_unit=h, counter_volume=24.0, project_id=10335348806483, message_id=, counter_type=gauge}, {counter_name=instance:standard.large, user_id=10377784155861, resource_id=, timestamp=2013-12-11T12:00:00, resource_metadata={service=COMP}, source=1:1, counter_unit=h, counter_volume=8.0, project_id=10335348806483, message_id=, counter_type=gauge}, {counter_name=instance:standard.large, user_id=10377784155861, resource_id=, timestamp=2013-12-15T12:00:00, resource_metadata={service=COMP}, source=1:1, counter_unit=h, counter_volume=1.0, project_id=10335348806483, message_id=, counter_type=gauge}, {counter_name=instance:standard.large, user_id=10377784155861, resource_id=, timestamp=2013-12-16T12:00:00, resource_metadata={service=COMP}, source=1:1, counter_unit=h, counter_volume=12.0, project_id=10335348806483, message_id=, counter_type=gauge}, {counter_name=instance:standard.large, user_id=10377784155861, resource_id=, timestamp=2013-12-17T12:00:00, resource_metadata={service=COMP}, source=1:1, counter_unit=h, counter_volume=13.0, project_id=10335348806483, message_id=, counter_type=gauge}, {counter_name=instance:standard.large, user_id=10377784155861, resource_id=, timestamp=2013-12-18T12:00:00, resource_metadata={service=COMP}, source=1:1, counter_unit=h, counter_volume=12.0, project_id=10335348806483, message_id=, counter_type=gauge}, {counter_name=instance:standard.large, user_id=10377784155861, resource_id=, timestamp=2013-12-19T12:00:00, resource_metadata={service=COMP}, source=1:1, counter_unit=h, counter_volume=15.0, project_id=10335348806483, message_id=, counter_type=gauge}, {counter_name=instance:standard.large, user_id=10377784155861, resource_id=, timestamp=2013-12-20T12:00:00, resource_metadata={service=COMP}, source=1:1, counter_unit=h, counter_volume=19.0, project_id=10335348806483, message_id=, counter_type=gauge}, {counter_name=instance:standard.large, user_id=10377784155861, resource_id=, timestamp=2013-12-21T12:00:00, resource_metadata={service=COMP}, source=1:1, counter_unit=h, counter_volume=18.0, project_id=10335348806483, message_id=, counter_type=gauge}, {counter_name=instance:standard.large, user_id=10377784155861, resource_id=, timestamp=2013-12-22T12:00:00, resource_metadata={service=COMP}, source=1:1, counter_unit=h, counter_volume=7.0, project_id=10335348806483, message_id=, counter_type=gauge}, {counter_name=instance:standard.large, user_id=10377784155861, resource_id=, timestamp=2013-12-23T12:00:00, resource_metadata={service=COMP}, source=1:1, counter_unit=h, counter_volume=9.0, project_id=10335348806483, message_id=, counter_type=gauge}, {counter_name=instance:standard.large, user_id=10377784155861, resource_id=, timestamp=2013-12-24T12:00:00, resource_metadata={service=COMP}, source=1:1, counter_unit=h, counter_volume=19.0, project_id=10335348806483, message_id=, counter_type=gauge}, {counter_name=instance:standard.large, user_id=10377784155861, resource_id=, timestamp=2013-12-25T12:00:00, resource_metadata={service=COMP}, source=1:1, counter_unit=h, counter_volume=9.0, project_id=10335348806483, message_id=, counter_type=gauge}, {counter_name=instance:standard.large, user_id=10377784155861, resource_id=, timestamp=2014-01-10T12:00:00, resource_metadata={service=COMP}, source=1:1, counter_unit=h, counter_volume=8.0, project_id=10335348806483, message_id=, counter_type=gauge}, {counter_name=instance:standard.large, user_id=10377784155861, resource_id=, timestamp=2014-01-11T12:00:00, resource_metadata={service=COMP}, source=1:1, counter_unit=h, counter_volume=24.0, project_id=10335348806483, message_id=, counter_type=gauge}, {counter_name=instance:standard.large, user_id=10377784155861, resource_id=, timestamp=2014-01-12T12:00:00, resource_metadata={service=COMP}, source=1:1, counter_unit=h, counter_volume=24.0, project_id=10335348806483, message_id=, counter_type=gauge}, {counter_name=instance:standard.large, user_id=10377784155861, resource_id=, timestamp=2014-01-13T12:00:00, resource_metadata={service=COMP}, source=1:1, counter_unit=h, counter_volume=24.0, project_id=10335348806483, message_id=, counter_type=gauge}, {counter_name=instance:standard.large, user_id=10377784155861, resource_id=, timestamp=2014-01-14T12:00:00, resource_metadata={service=COMP}, source=1:1, counter_unit=h, counter_volume=24.0, project_id=10335348806483, message_id=, counter_type=gauge}, {counter_name=instance:standard.large, user_id=10377784155861, resource_id=, timestamp=2014-01-15T12:00:00, resource_metadata={service=COMP}, source=1:1, counter_unit=h, counter_volume=24.0, project_id=10335348806483, message_id=, counter_type=gauge}, {counter_name=instance:standard.large, user_id=10377784155861, resource_id=, timestamp=2014-01-16T12:00:00, resource_metadata={service=COMP}, source=1:1, counter_unit=h, counter_volume=24.0, project_id=10335348806483, message_id=, counter_type=gauge}, {counter_name=instance:standard.large, user_id=10377784155861, resource_id=, timestamp=2014-01-17T12:00:00, resource_metadata={service=COMP}, source=1:1, counter_unit=h, counter_volume=24.0, project_id=10335348806483, message_id=, counter_type=gauge}, {counter_name=instance:standard.large, user_id=10377784155861, resource_id=, timestamp=2014-01-18T12:00:00, resource_metadata={service=COMP}, source=1:1, counter_unit=h, counter_volume=18.0, project_id=10335348806483, message_id=, counter_type=gauge}, {counter_name=instance:standard.large, user_id=10377784155861, resource_id=, timestamp=2014-01-19T12:00:00, resource_metadata={service=COMP}, source=1:1, counter_unit=h, counter_volume=24.0, project_id=10335348806483, message_id=, counter_type=gauge}, {counter_name=instance:standard.large, user_id=10377784155861, resource_id=, timestamp=2014-01-20T12:00:00, resource_metadata={service=COMP}, source=1:1, counter_unit=h, counter_volume=24.0, project_id=10335348806483, message_id=, counter_type=gauge}, {counter_name=instance:standard.large, user_id=10377784155861, resource_id=, timestamp=2014-01-21T12:00:00, resource_metadata={service=COMP}, source=1:1, counter_unit=h, counter_volume=24.0, project_id=10335348806483, message_id=, counter_type=gauge}, {counter_name=instance:standard.large, user_id=10377784155861, resource_id=, timestamp=2014-01-22T12:00:00, resource_metadata={service=COMP}, source=1:1, counter_unit=h, counter_volume=24.0, project_id=10335348806483, message_id=, counter_type=gauge}, {counter_name=instance:standard.large, user_id=10377784155861, resource_id=, timestamp=2014-01-23T12:00:00, resource_metadata={service=COMP}, source=1:1, counter_unit=h, counter_volume=24.0, project_id=10335348806483, message_id=, counter_type=gauge}, {counter_name=instance:standard.large, user_id=10377784155861, resource_id=, timestamp=2014-01-24T12:00:00, resource_metadata={service=COMP}, source=1:1, counter_unit=h, counter_volume=24.0, project_id=10335348806483, message_id=, counter_type=gauge}, {counter_name=instance:standard.large, user_id=10377784155861, resource_id=, timestamp=2014-01-25T12:00:00, resource_metadata={service=COMP}, source=1:1, counter_unit=h, counter_volume=24.0, project_id=10335348806483, message_id=, counter_type=gauge}, {counter_name=instance:standard.large, user_id=10377784155861, resource_id=, timestamp=2014-01-26T12:00:00, resource_metadata={service=COMP}, source=1:1, counter_unit=h, counter_volume=24.0, project_id=10335348806483, message_id=, counter_type=gauge}, {counter_name=instance:standard.large, user_id=10377784155861, resource_id=, timestamp=2014-01-27T12:00:00, resource_metadata={service=COMP}, source=1:1, counter_unit=h, counter_volume=24.0, project_id=10335348806483, message_id=, counter_type=gauge}, {counter_name=instance:standard.large, user_id=10377784155861, resource_id=, timestamp=2014-01-28T12:00:00, resource_metadata={service=COMP}, source=1:1, counter_unit=h, counter_volume=24.0, project_id=10335348806483, message_id=, counter_type=gauge}, {counter_name=instance:standard.large, user_id=10377784155861, resource_id=, timestamp=2014-01-29T12:00:00, resource_metadata={service=COMP}, source=1:1, counter_unit=h, counter_volume=24.0, project_id=10335348806483, message_id=, counter_type=gauge}, {counter_name=instance:standard.large, user_id=10377784155861, resource_id=, timestamp=2014-01-30T12:00:00, resource_metadata={service=COMP}, source=1:1, counter_unit=h, counter_volume=24.0, project_id=10335348806483, message_id=, counter_type=gauge}, {counter_name=instance:standard.large, user_id=10377784155861, resource_id=, timestamp=2014-01-31T12:00:00, resource_metadata={service=COMP}, source=1:1, counter_unit=h, counter_volume=24.0, project_id=10335348806483, message_id=, counter_type=gauge}, {counter_name=instance:standard.large, user_id=10377784155861, resource_id=, timestamp=2014-02-01T12:00:00, resource_metadata={service=COMP}, source=1:1, counter_unit=h, counter_volume=24.0, project_id=10335348806483, message_id=, counter_type=gauge}, {counter_name=instance:standard.large, user_id=10377784155861, resource_id=, timestamp=2014-02-02T12:00:00, resource_metadata={service=COMP}, source=1:1, counter_unit=h, counter_volume=24.0, project_id=10335348806483, message_id=, counter_type=gauge}, {counter_name=instance:standard.large, user_id=10377784155861, resource_id=, timestamp=2014-02-03T12:00:00, resource_metadata={service=COMP}, source=1:1, counter_unit=h, counter_volume=24.0, project_id=10335348806483, message_id=, counter_type=gauge}, {counter_name=instance:standard.large, user_id=10377784155861, resource_id=, timestamp=2014-02-04T12:00:00, resource_metadata={service=COMP}, source=1:1, counter_unit=h, counter_volume=24.0, project_id=10335348806483, message_id=, counter_type=gauge}, {counter_name=instance:standard.large, user_id=10377784155861, resource_id=, timestamp=2014-02-05T12:00:00, resource_metadata={service=COMP}, source=1:1, counter_unit=h, counter_volume=24.0, project_id=10335348806483, message_id=, counter_type=gauge}, {counter_name=instance:standard.large, user_id=10377784155861, resource_id=, timestamp=2014-02-06T12:00:00, resource_metadata={service=COMP}, source=1:1, counter_unit=h, counter_volume=24.0, project_id=10335348806483, message_id=, counter_type=gauge}, {counter_name=instance:standard.large, user_id=10377784155861, resource_id=, timestamp=2014-02-07T12:00:00, resource_metadata={service=COMP}, source=1:1, counter_unit=h, counter_volume=24.0, project_id=10335348806483, message_id=, counter_type=gauge}, {counter_name=instance:standard.large, user_id=10377784155861, resource_id=, timestamp=2014-02-08T12:00:00, resource_metadata={service=COMP}, source=1:1, counter_unit=h, counter_volume=24.0, project_id=10335348806483, message_id=, counter_type=gauge}, {counter_name=instance:standard.large, user_id=10377784155861, resource_id=, timestamp=2014-02-09T12:00:00, resource_metadata={service=COMP}, source=1:1, counter_unit=h, counter_volume=24.0, project_id=10335348806483, message_id=, counter_type=gauge}, {counter_name=instance:standard.large, user_id=10377784155861, resource_id=, timestamp=2014-02-10T12:00:00, resource_metadata={service=COMP}, source=1:1, counter_unit=h, counter_volume=24.0, project_id=10335348806483, message_id=, counter_type=gauge}, {counter_name=instance:standard.large, user_id=10377784155861, resource_id=, timestamp=2014-02-11T12:00:00, resource_metadata={service=COMP}, source=1:1, counter_unit=h, counter_volume=24.0, project_id=10335348806483, message_id=, counter_type=gauge}, {counter_name=instance:standard.large, user_id=10377784155861, resource_id=, timestamp=2014-02-12T12:00:00, resource_metadata={service=COMP}, source=1:1, counter_unit=h, counter_volume=24.0, project_id=10335348806483, message_id=, counter_type=gauge}, {counter_name=instance:standard.large, user_id=10377784155861, resource_id=, timestamp=2014-02-13T12:00:00, resource_metadata={service=COMP}, source=1:1, counter_unit=h, counter_volume=24.0, project_id=10335348806483, message_id=, counter_type=gauge}, {counter_name=instance:standard.large, user_id=10377784155861, resource_id=, timestamp=2014-02-14T12:00:00, resource_metadata={service=COMP}, source=1:1, counter_unit=h, counter_volume=24.0, project_id=10335348806483, message_id=, counter_type=gauge}, {counter_name=instance:standard.large, user_id=10377784155861, resource_id=, timestamp=2014-02-15T12:00:00, resource_metadata={service=COMP}, source=1:1, counter_unit=h, counter_volume=24.0, project_id=10335348806483, message_id=, counter_type=gauge}, {counter_name=instance:standard.large, user_id=10377784155861, resource_id=, timestamp=2014-02-16T12:00:00, resource_metadata={service=COMP}, source=1:1, counter_unit=h, counter_volume=24.0, project_id=10335348806483, message_id=, counter_type=gauge}, {counter_name=instance:standard.large, user_id=10377784155861, resource_id=, timestamp=2014-02-17T12:00:00, resource_metadata={service=COMP}, source=1:1, counter_unit=h, counter_volume=24.0, project_id=10335348806483, message_id=, counter_type=gauge}, {counter_name=instance:standard.large, user_id=10377784155861, resource_id=, timestamp=2014-02-18T12:00:00, resource_metadata={service=COMP}, source=1:1, counter_unit=h, counter_volume=24.0, project_id=10335348806483, message_id=, counter_type=gauge}, {counter_name=instance:standard.large, user_id=10377784155861, resource_id=, timestamp=2014-02-19T12:00:00, resource_metadata={service=COMP}, source=1:1, counter_unit=h, counter_volume=24.0, project_id=10335348806483, message_id=, counter_type=gauge}, {counter_name=instance:standard.large, user_id=10377784155861, resource_id=, timestamp=2014-02-20T12:00:00, resource_metadata={service=COMP}, source=1:1, counter_unit=h, counter_volume=24.0, project_id=10335348806483, message_id=, counter_type=gauge}, {counter_name=instance:standard.large, user_id=10377784155861, resource_id=, timestamp=2014-02-21T12:00:00, resource_metadata={service=COMP}, source=1:1, counter_unit=h, counter_volume=24.0, project_id=10335348806483, message_id=, counter_type=gauge}, {counter_name=instance:standard.large, user_id=10377784155861, resource_id=, timestamp=2014-02-22T12:00:00, resource_metadata={service=COMP}, source=1:1, counter_unit=h, counter_volume=24.0, project_id=10335348806483, message_id=, counter_type=gauge}, {counter_name=instance:standard.large, user_id=10377784155861, resource_id=, timestamp=2014-02-23T12:00:00, resource_metadata={service=COMP}, source=1:1, counter_unit=h, counter_volume=24.0, project_id=10335348806483, message_id=, counter_type=gauge}, {counter_name=instance:standard.large, user_id=10377784155861, resource_id=, timestamp=2014-02-24T12:00:00, resource_metadata={service=COMP}, source=1:1, counter_unit=h, counter_volume=24.0, project_id=10335348806483, message_id=, counter_type=gauge}, {counter_name=instance:standard.large, user_id=10377784155861, resource_id=, timestamp=2014-02-25T12:00:00, resource_metadata={service=COMP}, source=1:1, counter_unit=h, counter_volume=24.0, project_id=10335348806483, message_id=, counter_type=gauge}, {counter_name=instance:standard.large, user_id=10377784155861, resource_id=, timestamp=2014-02-26T12:00:00, resource_metadata={service=COMP}, source=1:1, counter_unit=h, counter_volume=24.0, project_id=10335348806483, message_id=, counter_type=gauge}, {counter_name=instance:standard.large, user_id=10377784155861, resource_id=, timestamp=2014-02-27T12:00:00, resource_metadata={service=COMP}, source=1:1, counter_unit=h, counter_volume=24.0, project_id=10335348806483, message_id=, counter_type=gauge}, {counter_name=instance:standard.large, user_id=10377784155861, resource_id=, timestamp=2014-02-28T12:00:00, resource_metadata={service=COMP}, source=1:1, counter_unit=h, counter_volume=24.0, project_id=10335348806483, message_id=, counter_type=gauge}, {counter_name=instance:standard.large, user_id=10377784155861, resource_id=, timestamp=2014-03-01T12:00:00, resource_metadata={service=COMP}, source=1:1, counter_unit=h, counter_volume=24.0, project_id=10335348806483, message_id=, counter_type=gauge}, {counter_name=instance:standard.large, user_id=10377784155861, resource_id=, timestamp=2014-03-02T12:00:00, resource_metadata={service=COMP}, source=1:1, counter_unit=h, counter_volume=24.0, project_id=10335348806483, message_id=, counter_type=gauge}, {counter_name=instance:standard.large, user_id=10377784155861, resource_id=, timestamp=2014-03-03T12:00:00, resource_metadata={service=COMP}, source=1:1, counter_unit=h, counter_volume=24.0, project_id=10335348806483, message_id=, counter_type=gauge}, {counter_name=instance:standard.large, user_id=10377784155861, resource_id=, timestamp=2014-03-04T12:00:00, resource_metadata={service=COMP}, source=1:1, counter_unit=h, counter_volume=24.0, project_id=10335348806483, message_id=, counter_type=gauge}, {counter_name=instance:standard.large, user_id=10377784155861, resource_id=, timestamp=2014-03-05T12:00:00, resource_metadata={service=COMP}, source=1:1, counter_unit=h, counter_volume=14.0, project_id=10335348806483, message_id=, counter_type=gauge}]
[{counter_name=image.size, user_id=10377784155861, resource_id=, timestamp=2013-11-11T12:00:00, resource_metadata={service=BS}, source=1:1, counter_unit=GB, counter_volume=1.18056, project_id=10335348806483, message_id=, counter_type=gauge}, {counter_name=image.size, user_id=10377784155861, resource_id=, timestamp=2013-11-12T12:00:00, resource_metadata={service=BS}, source=1:1, counter_unit=GB, counter_volume=1.66667, project_id=10335348806483, message_id=, counter_type=gauge}, {counter_name=image.size, user_id=10377784155861, resource_id=, timestamp=2013-11-13T12:00:00, resource_metadata={service=BS}, source=1:1, counter_unit=GB, counter_volume=3.86111, project_id=10335348806483, message_id=, counter_type=gauge}, {counter_name=image.size, user_id=10377784155861, resource_id=, timestamp=2013-11-14T12:00:00, resource_metadata={service=BS}, source=1:1, counter_unit=GB, counter_volume=4.33333, project_id=10335348806483, message_id=, counter_type=gauge}, {counter_name=image.size, user_id=10377784155861, resource_id=, timestamp=2013-11-15T12:00:00, resource_metadata={service=BS}, source=1:1, counter_unit=GB, counter_volume=2.52778, project_id=10335348806483, message_id=, counter_type=gauge}, {counter_name=image.size, user_id=10377784155861, resource_id=, timestamp=2013-11-26T12:00:00, resource_metadata={service=BS}, source=1:1, counter_unit=GB, counter_volume=0.541667, project_id=10335348806483, message_id=, counter_type=gauge}, {counter_name=image.size, user_id=10377784155861, resource_id=, timestamp=2013-11-27T12:00:00, resource_metadata={service=BS}, source=1:1, counter_unit=GB, counter_volume=4.33333, project_id=10335348806483, message_id=, counter_type=gauge}, {counter_name=image.size, user_id=10377784155861, resource_id=, timestamp=2013-11-28T12:00:00, resource_metadata={service=BS}, source=1:1, counter_unit=GB, counter_volume=1.625, project_id=10335348806483, message_id=, counter_type=gauge}, {counter_name=image.size, user_id=10377784155861, resource_id=, timestamp=2013-12-04T12:00:00, resource_metadata={service=BS}, source=1:1, counter_unit=GB, counter_volume=1.04839, project_id=10335348806483, message_id=, counter_type=gauge}, {counter_name=image.size, user_id=10377784155861, resource_id=, timestamp=2013-12-05T12:00:00, resource_metadata={service=BS}, source=1:1, counter_unit=GB, counter_volume=3.99194, project_id=10335348806483, message_id=, counter_type=gauge}, {counter_name=image.size, user_id=10377784155861, resource_id=, timestamp=2013-12-06T12:00:00, resource_metadata={service=BS}, source=1:1, counter_unit=GB, counter_volume=4.19355, project_id=10335348806483, message_id=, counter_type=gauge}, {counter_name=image.size, user_id=10377784155861, resource_id=, timestamp=2013-12-07T12:00:00, resource_metadata={service=BS}, source=1:1, counter_unit=GB, counter_volume=4.19355, project_id=10335348806483, message_id=, counter_type=gauge}, {counter_name=image.size, user_id=10377784155861, resource_id=, timestamp=2013-12-08T12:00:00, resource_metadata={service=BS}, source=1:1, counter_unit=GB, counter_volume=4.19355, project_id=10335348806483, message_id=, counter_type=gauge}, {counter_name=image.size, user_id=10377784155861, resource_id=, timestamp=2013-12-09T12:00:00, resource_metadata={service=BS}, source=1:1, counter_unit=GB, counter_volume=4.19355, project_id=10335348806483, message_id=, counter_type=gauge}, {counter_name=image.size, user_id=10377784155861, resource_id=, timestamp=2013-12-10T12:00:00, resource_metadata={service=BS}, source=1:1, counter_unit=GB, counter_volume=4.19355, project_id=10335348806483, message_id=, counter_type=gauge}, {counter_name=image.size, user_id=10377784155861, resource_id=, timestamp=2013-12-11T12:00:00, resource_metadata={service=BS}, source=1:1, counter_unit=GB, counter_volume=2.09677, project_id=10335348806483, message_id=, counter_type=gauge}, {counter_name=image.size, user_id=10377784155861, resource_id=, timestamp=2013-12-14T12:00:00, resource_metadata={service=BS}, source=1:1, counter_unit=GB, counter_volume=0.16129, project_id=10335348806483, message_id=, counter_type=gauge}, {counter_name=image.size, user_id=10377784155861, resource_id=, timestamp=2013-12-16T12:00:00, resource_metadata={service=BS}, source=1:1, counter_unit=GB, counter_volume=2.62097, project_id=10335348806483, message_id=, counter_type=gauge}, {counter_name=image.size, user_id=10377784155861, resource_id=, timestamp=2013-12-17T12:00:00, resource_metadata={service=BS}, source=1:1, counter_unit=GB, counter_volume=2.09677, project_id=10335348806483, message_id=, counter_type=gauge}, {counter_name=image.size, user_id=10377784155861, resource_id=, timestamp=2013-12-18T12:00:00, resource_metadata={service=BS}, source=1:1, counter_unit=GB, counter_volume=0.524194, project_id=10335348806483, message_id=, counter_type=gauge}, {counter_name=image.size, user_id=10377784155861, resource_id=, timestamp=2013-12-19T12:00:00, resource_metadata={service=BS}, source=1:1, counter_unit=GB, counter_volume=4.15323, project_id=10335348806483, message_id=, counter_type=gauge}, {counter_name=image.size, user_id=10377784155861, resource_id=, timestamp=2013-12-20T12:00:00, resource_metadata={service=BS}, source=1:1, counter_unit=GB, counter_volume=3.57527, project_id=10335348806483, message_id=, counter_type=gauge}, {counter_name=image.size, user_id=10377784155861, resource_id=, timestamp=2013-12-21T12:00:00, resource_metadata={service=BS}, source=1:1, counter_unit=GB, counter_volume=3.10484, project_id=10335348806483, message_id=, counter_type=gauge}, {counter_name=image.size, user_id=10377784155861, resource_id=, timestamp=2013-12-22T12:00:00, resource_metadata={service=BS}, source=1:1, counter_unit=GB, counter_volume=4.15323, project_id=10335348806483, message_id=, counter_type=gauge}, {counter_name=image.size, user_id=10377784155861, resource_id=, timestamp=2013-12-23T12:00:00, resource_metadata={service=BS}, source=1:1, counter_unit=GB, counter_volume=3.99194, project_id=10335348806483, message_id=, counter_type=gauge}, {counter_name=image.size, user_id=10377784155861, resource_id=, timestamp=2013-12-24T12:00:00, resource_metadata={service=BS}, source=1:1, counter_unit=GB, counter_volume=3.99194, project_id=10335348806483, message_id=, counter_type=gauge}, {counter_name=image.size, user_id=10377784155861, resource_id=, timestamp=2013-12-25T12:00:00, resource_metadata={service=BS}, source=1:1, counter_unit=GB, counter_volume=1.92204, project_id=10335348806483, message_id=, counter_type=gauge}, {counter_name=image.size, user_id=10377784155861, resource_id=, timestamp=2013-12-28T12:00:00, resource_metadata={service=BS}, source=1:1, counter_unit=GB, counter_volume=0.174731, project_id=10335348806483, message_id=, counter_type=gauge}, {counter_name=image.size, user_id=10377784155861, resource_id=, timestamp=2014-01-17T12:00:00, resource_metadata={service=BS}, source=1:1, counter_unit=GB, counter_volume=0.698925, project_id=10335348806483, message_id=, counter_type=gauge}, {counter_name=image.size, user_id=10377784155861, resource_id=, timestamp=2014-01-18T12:00:00, resource_metadata={service=BS}, source=1:1, counter_unit=GB, counter_volume=2.95699, project_id=10335348806483, message_id=, counter_type=gauge}, {counter_name=image.size, user_id=10377784155861, resource_id=, timestamp=2014-01-19T12:00:00, resource_metadata={service=BS}, source=1:1, counter_unit=GB, counter_volume=4.19355, project_id=10335348806483, message_id=, counter_type=gauge}, {counter_name=image.size, user_id=10377784155861, resource_id=, timestamp=2014-01-20T12:00:00, resource_metadata={service=BS}, source=1:1, counter_unit=GB, counter_volume=4.19355, project_id=10335348806483, message_id=, counter_type=gauge}, {counter_name=image.size, user_id=10377784155861, resource_id=, timestamp=2014-01-21T12:00:00, resource_metadata={service=BS}, source=1:1, counter_unit=GB, counter_volume=4.19355, project_id=10335348806483, message_id=, counter_type=gauge}, {counter_name=image.size, user_id=10377784155861, resource_id=, timestamp=2014-01-22T12:00:00, resource_metadata={service=BS}, source=1:1, counter_unit=GB, counter_volume=4.19355, project_id=10335348806483, message_id=, counter_type=gauge}, {counter_name=image.size, user_id=10377784155861, resource_id=, timestamp=2014-01-23T12:00:00, resource_metadata={service=BS}, source=1:1, counter_unit=GB, counter_volume=1.92204, project_id=10335348806483, message_id=, counter_type=gauge}, {counter_name=image.size, user_id=10377784155861, resource_id=, timestamp=2014-01-24T12:00:00, resource_metadata={service=BS}, source=1:1, counter_unit=GB, counter_volume=1.22312, project_id=10335348806483, message_id=, counter_type=gauge}, {counter_name=image.size, user_id=10377784155861, resource_id=, timestamp=2014-01-25T12:00:00, resource_metadata={service=BS}, source=1:1, counter_unit=GB, counter_volume=4.19355, project_id=10335348806483, message_id=, counter_type=gauge}, {counter_name=image.size, user_id=10377784155861, resource_id=, timestamp=2014-01-26T12:00:00, resource_metadata={service=BS}, source=1:1, counter_unit=GB, counter_volume=4.19355, project_id=10335348806483, message_id=, counter_type=gauge}, {counter_name=image.size, user_id=10377784155861, resource_id=, timestamp=2014-01-27T12:00:00, resource_metadata={service=BS}, source=1:1, counter_unit=GB, counter_volume=4.19355, project_id=10335348806483, message_id=, counter_type=gauge}, {counter_name=image.size, user_id=10377784155861, resource_id=, timestamp=2014-01-28T12:00:00, resource_metadata={service=BS}, source=1:1, counter_unit=GB, counter_volume=4.19355, project_id=10335348806483, message_id=, counter_type=gauge}, {counter_name=image.size, user_id=10377784155861, resource_id=, timestamp=2014-01-29T12:00:00, resource_metadata={service=BS}, source=1:1, counter_unit=GB, counter_volume=4.19355, project_id=10335348806483, message_id=, counter_type=gauge}, {counter_name=image.size, user_id=10377784155861, resource_id=, timestamp=2014-01-30T12:00:00, resource_metadata={service=BS}, source=1:1, counter_unit=GB, counter_volume=4.19355, project_id=10335348806483, message_id=, counter_type=gauge}, {counter_name=image.size, user_id=10377784155861, resource_id=, timestamp=2014-01-31T12:00:00, resource_metadata={service=BS}, source=1:1, counter_unit=GB, counter_volume=4.19355, project_id=10335348806483, message_id=, counter_type=gauge}, {counter_name=image.size, user_id=10377784155861, resource_id=, timestamp=2014-02-01T12:00:00, resource_metadata={service=BS}, source=1:1, counter_unit=GB, counter_volume=4.64286, project_id=10335348806483, message_id=, counter_type=gauge}, {counter_name=image.size, user_id=10377784155861, resource_id=, timestamp=2014-02-02T12:00:00, resource_metadata={service=BS}, source=1:1, counter_unit=GB, counter_volume=4.64286, project_id=10335348806483, message_id=, counter_type=gauge}, {counter_name=image.size, user_id=10377784155861, resource_id=, timestamp=2014-02-03T12:00:00, resource_metadata={service=BS}, source=1:1, counter_unit=GB, counter_volume=4.64286, project_id=10335348806483, message_id=, counter_type=gauge}, {counter_name=image.size, user_id=10377784155861, resource_id=, timestamp=2014-02-04T12:00:00, resource_metadata={service=BS}, source=1:1, counter_unit=GB, counter_volume=4.64286, project_id=10335348806483, message_id=, counter_type=gauge}, {counter_name=image.size, user_id=10377784155861, resource_id=, timestamp=2014-02-05T12:00:00, resource_metadata={service=BS}, source=1:1, counter_unit=GB, counter_volume=4.64286, project_id=10335348806483, message_id=, counter_type=gauge}, {counter_name=image.size, user_id=10377784155861, resource_id=, timestamp=2014-02-06T12:00:00, resource_metadata={service=BS}, source=1:1, counter_unit=GB, counter_volume=4.64286, project_id=10335348806483, message_id=, counter_type=gauge}, {counter_name=image.size, user_id=10377784155861, resource_id=, timestamp=2014-02-07T12:00:00, resource_metadata={service=BS}, source=1:1, counter_unit=GB, counter_volume=4.64286, project_id=10335348806483, message_id=, counter_type=gauge}, {counter_name=image.size, user_id=10377784155861, resource_id=, timestamp=2014-02-08T12:00:00, resource_metadata={service=BS}, source=1:1, counter_unit=GB, counter_volume=4.64286, project_id=10335348806483, message_id=, counter_type=gauge}, {counter_name=image.size, user_id=10377784155861, resource_id=, timestamp=2014-02-09T12:00:00, resource_metadata={service=BS}, source=1:1, counter_unit=GB, counter_volume=4.64286, project_id=10335348806483, message_id=, counter_type=gauge}, {counter_name=image.size, user_id=10377784155861, resource_id=, timestamp=2014-02-10T12:00:00, resource_metadata={service=BS}, source=1:1, counter_unit=GB, counter_volume=4.64286, project_id=10335348806483, message_id=, counter_type=gauge}, {counter_name=image.size, user_id=10377784155861, resource_id=, timestamp=2014-02-11T12:00:00, resource_metadata={service=BS}, source=1:1, counter_unit=GB, counter_volume=4.64286, project_id=10335348806483, message_id=, counter_type=gauge}, {counter_name=image.size, user_id=10377784155861, resource_id=, timestamp=2014-02-12T12:00:00, resource_metadata={service=BS}, source=1:1, counter_unit=GB, counter_volume=4.64286, project_id=10335348806483, message_id=, counter_type=gauge}, {counter_name=image.size, user_id=10377784155861, resource_id=, timestamp=2014-02-13T12:00:00, resource_metadata={service=BS}, source=1:1, counter_unit=GB, counter_volume=4.64286, project_id=10335348806483, message_id=, counter_type=gauge}, {counter_name=image.size, user_id=10377784155861, resource_id=, timestamp=2014-02-14T12:00:00, resource_metadata={service=BS}, source=1:1, counter_unit=GB, counter_volume=4.64286, project_id=10335348806483, message_id=, counter_type=gauge}, {counter_name=image.size, user_id=10377784155861, resource_id=, timestamp=2014-02-15T12:00:00, resource_metadata={service=BS}, source=1:1, counter_unit=GB, counter_volume=4.64286, project_id=10335348806483, message_id=, counter_type=gauge}, {counter_name=image.size, user_id=10377784155861, resource_id=, timestamp=2014-02-16T12:00:00, resource_metadata={service=BS}, source=1:1, counter_unit=GB, counter_volume=4.64286, project_id=10335348806483, message_id=, counter_type=gauge}, {counter_name=image.size, user_id=10377784155861, resource_id=, timestamp=2014-02-17T12:00:00, resource_metadata={service=BS}, source=1:1, counter_unit=GB, counter_volume=4.64286, project_id=10335348806483, message_id=, counter_type=gauge}, {counter_name=image.size, user_id=10377784155861, resource_id=, timestamp=2014-02-18T12:00:00, resource_metadata={service=BS}, source=1:1, counter_unit=GB, counter_volume=4.64286, project_id=10335348806483, message_id=, counter_type=gauge}, {counter_name=image.size, user_id=10377784155861, resource_id=, timestamp=2014-02-19T12:00:00, resource_metadata={service=BS}, source=1:1, counter_unit=GB, counter_volume=4.64286, project_id=10335348806483, message_id=, counter_type=gauge}, {counter_name=image.size, user_id=10377784155861, resource_id=, timestamp=2014-02-20T12:00:00, resource_metadata={service=BS}, source=1:1, counter_unit=GB, counter_volume=4.64286, project_id=10335348806483, message_id=, counter_type=gauge}, {counter_name=image.size, user_id=10377784155861, resource_id=, timestamp=2014-02-21T12:00:00, resource_metadata={service=BS}, source=1:1, counter_unit=GB, counter_volume=4.64286, project_id=10335348806483, message_id=, counter_type=gauge}, {counter_name=image.size, user_id=10377784155861, resource_id=, timestamp=2014-02-22T12:00:00, resource_metadata={service=BS}, source=1:1, counter_unit=GB, counter_volume=4.64286, project_id=10335348806483, message_id=, counter_type=gauge}, {counter_name=image.size, user_id=10377784155861, resource_id=, timestamp=2014-02-23T12:00:00, resource_metadata={service=BS}, source=1:1, counter_unit=GB, counter_volume=4.64286, project_id=10335348806483, message_id=, counter_type=gauge}, {counter_name=image.size, user_id=10377784155861, resource_id=, timestamp=2014-02-24T12:00:00, resource_metadata={service=BS}, source=1:1, counter_unit=GB, counter_volume=4.64286, project_id=10335348806483, message_id=, counter_type=gauge}, {counter_name=image.size, user_id=10377784155861, resource_id=, timestamp=2014-02-25T12:00:00, resource_metadata={service=BS}, source=1:1, counter_unit=GB, counter_volume=4.64286, project_id=10335348806483, message_id=, counter_type=gauge}, {counter_name=image.size, user_id=10377784155861, resource_id=, timestamp=2014-02-26T12:00:00, resource_metadata={service=BS}, source=1:1, counter_unit=GB, counter_volume=4.64286, project_id=10335348806483, message_id=, counter_type=gauge}, {counter_name=image.size, user_id=10377784155861, resource_id=, timestamp=2014-02-27T12:00:00, resource_metadata={service=BS}, source=1:1, counter_unit=GB, counter_volume=4.64286, project_id=10335348806483, message_id=, counter_type=gauge}, {counter_name=image.size, user_id=10377784155861, resource_id=, timestamp=2014-02-28T12:00:00, resource_metadata={service=BS}, source=1:1, counter_unit=GB, counter_volume=4.64286, project_id=10335348806483, message_id=, counter_type=gauge}, {counter_name=image.size, user_id=10377784155861, resource_id=, timestamp=2014-03-01T12:00:00, resource_metadata={service=BS}, source=1:1, counter_unit=GB, counter_volume=4.19355, project_id=10335348806483, message_id=, counter_type=gauge}, {counter_name=image.size, user_id=10377784155861, resource_id=, timestamp=2014-03-02T12:00:00, resource_metadata={service=BS}, source=1:1, counter_unit=GB, counter_volume=4.19355, project_id=10335348806483, message_id=, counter_type=gauge}, {counter_name=image.size, user_id=10377784155861, resource_id=, timestamp=2014-03-03T12:00:00, resource_metadata={service=BS}, source=1:1, counter_unit=GB, counter_volume=4.19355, project_id=10335348806483, message_id=, counter_type=gauge}, {counter_name=image.size, user_id=10377784155861, resource_id=, timestamp=2014-03-04T12:00:00, resource_metadata={service=BS}, source=1:1, counter_unit=GB, counter_volume=4.19355, project_id=10335348806483, message_id=, counter_type=gauge}, {counter_name=image.size, user_id=10377784155861, resource_id=, timestamp=2014-03-05T12:00:00, resource_metadata={service=BS}, source=1:1, counter_unit=GB, counter_volume=4.19355, project_id=10335348806483, message_id=, counter_type=gauge}, {counter_name=image.size, user_id=10377784155861, resource_id=, timestamp=2014-03-06T12:00:00, resource_metadata={service=BS}, source=1:1, counter_unit=GB, counter_volume=4.19355, project_id=10335348806483, message_id=, counter_type=gauge}, {counter_name=image.size, user_id=10377784155861, resource_id=, timestamp=2014-03-07T12:00:00, resource_metadata={service=BS}, source=1:1, counter_unit=GB, counter_volume=4.19355, project_id=10335348806483, message_id=, counter_type=gauge}, {counter_name=image.size, user_id=10377784155861, resource_id=, timestamp=2014-03-08T12:00:00, resource_metadata={service=BS}, source=1:1, counter_unit=GB, counter_volume=4.19355, project_id=10335348806483, message_id=, counter_type=gauge}, {counter_name=image.size, user_id=10377784155861, resource_id=, timestamp=2014-03-09T12:00:00, resource_metadata={service=BS}, source=1:1, counter_unit=GB, counter_volume=4.19355, project_id=10335348806483, message_id=, counter_type=gauge}, {counter_name=image.size, user_id=10377784155861, resource_id=, timestamp=2014-03-10T12:00:00, resource_metadata={service=BS}, source=1:1, counter_unit=GB, counter_volume=4.19355, project_id=10335348806483, message_id=, counter_type=gauge}, {counter_name=image.size, user_id=10377784155861, resource_id=, timestamp=2014-03-12T12:00:00, resource_metadata={service=BS}, source=1:1, counter_unit=GB, counter_volume=3.17204, project_id=10335348806483, message_id=, counter_type=gauge}, {counter_name=image.size, user_id=10377784155861, resource_id=, timestamp=2014-03-13T12:00:00, resource_metadata={service=BS}, source=1:1, counter_unit=GB, counter_volume=1.78763, project_id=10335348806483, message_id=, counter_type=gauge}, {counter_name=image.size, user_id=10377784155861, resource_id=, timestamp=2014-03-14T12:00:00, resource_metadata={service=BS}, source=1:1, counter_unit=GB, counter_volume=0.537634, project_id=10335348806483, message_id=, counter_type=gauge}, {counter_name=image.size, user_id=10377784155861, resource_id=, timestamp=2014-03-16T12:00:00, resource_metadata={service=BS}, source=1:1, counter_unit=GB, counter_volume=0.766129, project_id=10335348806483, message_id=, counter_type=gauge}, {counter_name=image.size, user_id=10377784155861, resource_id=, timestamp=2014-03-17T12:00:00, resource_metadata={service=BS}, source=1:1, counter_unit=GB, counter_volume=0.793011, project_id=10335348806483, message_id=, counter_type=gauge}, {counter_name=image.size, user_id=10377784155861, resource_id=, timestamp=2014-03-18T12:00:00, resource_metadata={service=BS}, source=1:1, counter_unit=GB, counter_volume=0.120968, project_id=10335348806483, message_id=, counter_type=gauge}, {counter_name=image.size, user_id=10377784155861, resource_id=, timestamp=2014-03-19T12:00:00, resource_metadata={service=BS}, source=1:1, counter_unit=GB, counter_volume=0.322581, project_id=10335348806483, message_id=, counter_type=gauge}, {counter_name=image.size, user_id=10377784155861, resource_id=, timestamp=2014-03-27T12:00:00, resource_metadata={service=BS}, source=1:1, counter_unit=GB, counter_volume=0.215054, project_id=10335348806483, message_id=, counter_type=gauge}, {counter_name=image.size, user_id=10377784155861, resource_id=, timestamp=2014-03-28T12:00:00, resource_metadata={service=BS}, source=1:1, counter_unit=GB, counter_volume=1.6129, project_id=10335348806483, message_id=, counter_type=gauge}, {counter_name=image.size, user_id=10377784155861, resource_id=, timestamp=2014-03-29T12:00:00, resource_metadata={service=BS}, source=1:1, counter_unit=GB, counter_volume=1.29032, project_id=10335348806483, message_id=, counter_type=gauge}, {counter_name=image.size, user_id=10377784155861, resource_id=, timestamp=2014-04-04T12:00:00, resource_metadata={service=BS}, source=1:1, counter_unit=GB, counter_volume=2.66667, project_id=10335348806483, message_id=, counter_type=gauge}, {counter_name=image.size, user_id=10377784155861, resource_id=, timestamp=2014-04-05T12:00:00, resource_metadata={service=BS}, source=1:1, counter_unit=GB, counter_volume=2.66667, project_id=10335348806483, message_id=, counter_type=gauge}, {counter_name=image.size, user_id=10377784155861, resource_id=, timestamp=2014-04-06T12:00:00, resource_metadata={service=BS}, source=1:1, counter_unit=GB, counter_volume=2.66667, project_id=10335348806483, message_id=, counter_type=gauge}, {counter_name=image.size, user_id=10377784155861, resource_id=, timestamp=2014-04-07T12:00:00, resource_metadata={service=BS}, source=1:1, counter_unit=GB, counter_volume=2.66667, project_id=10335348806483, message_id=, counter_type=gauge}, {counter_name=image.size, user_id=10377784155861, resource_id=, timestamp=2014-04-08T12:00:00, resource_metadata={service=BS}, source=1:1, counter_unit=GB, counter_volume=2.66667, project_id=10335348806483, message_id=, counter_type=gauge}, {counter_name=image.size, user_id=10377784155861, resource_id=, timestamp=2014-04-09T12:00:00, resource_metadata={service=BS}, source=1:1, counter_unit=GB, counter_volume=2.66667, project_id=10335348806483, message_id=, counter_type=gauge}, {counter_name=image.size, user_id=10377784155861, resource_id=, timestamp=2014-04-10T12:00:00, resource_metadata={service=BS}, source=1:1, counter_unit=GB, counter_volume=2.66667, project_id=10335348806483, message_id=, counter_type=gauge}, {counter_name=image.size, user_id=10377784155861, resource_id=, timestamp=2014-04-11T12:00:00, resource_metadata={service=BS}, source=1:1, counter_unit=GB, counter_volume=2.66667, project_id=10335348806483, message_id=, counter_type=gauge}, {counter_name=image.size, user_id=10377784155861, resource_id=, timestamp=2014-04-12T12:00:00, resource_metadata={service=BS}, source=1:1, counter_unit=GB, counter_volume=2.66667, project_id=10335348806483, message_id=, counter_type=gauge}, {counter_name=image.size, user_id=10377784155861, resource_id=, timestamp=2014-04-13T12:00:00, resource_metadata={service=BS}, source=1:1, counter_unit=GB, counter_volume=2.22222, project_id=10335348806483, message_id=, counter_type=gauge}, {counter_name=image.size, user_id=10377784155861, resource_id=, timestamp=2014-04-14T12:00:00, resource_metadata={service=BS}, source=1:1, counter_unit=GB, counter_volume=0.777778, project_id=10335348806483, message_id=, counter_type=gauge}, {counter_name=image.size, user_id=10377784155861, resource_id=, timestamp=2014-05-02T12:00:00, resource_metadata={service=BS}, source=1:1, counter_unit=GB, counter_volume=1.6129, project_id=10335348806483, message_id=, counter_type=gauge}, {counter_name=image.size, user_id=10377784155861, resource_id=, timestamp=2014-05-03T12:00:00, resource_metadata={service=BS}, source=1:1, counter_unit=GB, counter_volume=2.58065, project_id=10335348806483, message_id=, counter_type=gauge}, {counter_name=image.size, user_id=10377784155861, resource_id=, timestamp=2014-05-04T12:00:00, resource_metadata={service=BS}, source=1:1, counter_unit=GB, counter_volume=2.25806, project_id=10335348806483, message_id=, counter_type=gauge}, {counter_name=image.size, user_id=10377784155861, resource_id=, timestamp=2014-05-05T12:00:00, resource_metadata={service=BS}, source=1:1, counter_unit=GB, counter_volume=2.15054, project_id=10335348806483, message_id=, counter_type=gauge}, {counter_name=image.size, user_id=10377784155861, resource_id=, timestamp=2014-05-06T12:00:00, resource_metadata={service=BS}, source=1:1, counter_unit=GB, counter_volume=2.58065, project_id=10335348806483, message_id=, counter_type=gauge}, {counter_name=image.size, user_id=10377784155861, resource_id=, timestamp=2014-05-07T12:00:00, resource_metadata={service=BS}, source=1:1, counter_unit=GB, counter_volume=2.58065, project_id=10335348806483, message_id=, counter_type=gauge}, {counter_name=image.size, user_id=10377784155861, resource_id=, timestamp=2014-05-08T12:00:00, resource_metadata={service=BS}, source=1:1, counter_unit=GB, counter_volume=2.58065, project_id=10335348806483, message_id=, counter_type=gauge}, {counter_name=image.size, user_id=10377784155861, resource_id=, timestamp=2014-05-09T12:00:00, resource_metadata={service=BS}, source=1:1, counter_unit=GB, counter_volume=2.58065, project_id=10335348806483, message_id=, counter_type=gauge}, {counter_name=image.size, user_id=10377784155861, resource_id=, timestamp=2014-05-10T12:00:00, resource_metadata={service=BS}, source=1:1, counter_unit=GB, counter_volume=2.58065, project_id=10335348806483, message_id=, counter_type=gauge}, {counter_name=image.size, user_id=10377784155861, resource_id=, timestamp=2014-05-11T12:00:00, resource_metadata={service=BS}, source=1:1, counter_unit=GB, counter_volume=2.15054, project_id=10335348806483, message_id=, counter_type=gauge}, {counter_name=image.size, user_id=10377784155861, resource_id=, timestamp=2014-06-04T12:00:00, resource_metadata={service=BS}, source=1:1, counter_unit=GB, counter_volume=0.111111, project_id=10335348806483, message_id=, counter_type=gauge}, {counter_name=image.size, user_id=10377784155861, resource_id=, timestamp=2014-06-05T12:00:00, resource_metadata={service=BS}, source=1:1, counter_unit=GB, counter_volume=2.44444, project_id=10335348806483, message_id=, counter_type=gauge}, {counter_name=image.size, user_id=10377784155861, resource_id=, timestamp=2014-06-06T12:00:00, resource_metadata={service=BS}, source=1:1, counter_unit=GB, counter_volume=2.66667, project_id=10335348806483, message_id=, counter_type=gauge}, {counter_name=image.size, user_id=10377784155861, resource_id=, timestamp=2014-06-07T12:00:00, resource_metadata={service=BS}, source=1:1, counter_unit=GB, counter_volume=2.66667, project_id=10335348806483, message_id=, counter_type=gauge}, {counter_name=image.size, user_id=10377784155861, resource_id=, timestamp=2014-06-08T12:00:00, resource_metadata={service=BS}, source=1:1, counter_unit=GB, counter_volume=2.66667, project_id=10335348806483, message_id=, counter_type=gauge}, {counter_name=image.size, user_id=10377784155861, resource_id=, timestamp=2014-06-09T12:00:00, resource_metadata={service=BS}, source=1:1, counter_unit=GB, counter_volume=0.777778, project_id=10335348806483, message_id=, counter_type=gauge}, {counter_name=image.size, user_id=10377784155861, resource_id=, timestamp=2014-06-10T12:00:00, resource_metadata={service=BS}, source=1:1, counter_unit=GB, counter_volume=1.88889, project_id=10335348806483, message_id=, counter_type=gauge}, {counter_name=image.size, user_id=10377784155861, resource_id=, timestamp=2014-06-11T12:00:00, resource_metadata={service=BS}, source=1:1, counter_unit=GB, counter_volume=2.66667, project_id=10335348806483, message_id=, counter_type=gauge}, {counter_name=image.size, user_id=10377784155861, resource_id=, timestamp=2014-06-12T12:00:00, resource_metadata={service=BS}, source=1:1, counter_unit=GB, counter_volume=2.66667, project_id=10335348806483, message_id=, counter_type=gauge}, {counter_name=image.size, user_id=10377784155861, resource_id=, timestamp=2014-06-13T12:00:00, resource_metadata={service=BS}, source=1:1, counter_unit=GB, counter_volume=2.66667, project_id=10335348806483, message_id=, counter_type=gauge}, {counter_name=image.size, user_id=10377784155861, resource_id=, timestamp=2014-06-14T12:00:00, resource_metadata={service=BS}, source=1:1, counter_unit=GB, counter_volume=2.66667, project_id=10335348806483, message_id=, counter_type=gauge}, {counter_name=image.size, user_id=10377784155861, resource_id=, timestamp=2014-06-15T12:00:00, resource_metadata={service=BS}, source=1:1, counter_unit=GB, counter_volume=2.66667, project_id=10335348806483, message_id=, counter_type=gauge}, {counter_name=image.size, user_id=10377784155861, resource_id=, timestamp=2014-06-16T12:00:00, resource_metadata={service=BS}, source=1:1, counter_unit=GB, counter_volume=2.66667, project_id=10335348806483, message_id=, counter_type=gauge}]
[{counter_name=image.size, user_id=10377784155861, resource_id=, timestamp=2013-11-11T12:00:00, resource_metadata={service=BS}, source=1:1, counter_unit=GB, counter_volume=1.18056, project_id=10335348806483, message_id=, counter_type=gauge}, {counter_name=image.size, user_id=10377784155861, resource_id=, timestamp=2013-11-12T12:00:00, resource_metadata={service=BS}, source=1:1, counter_unit=GB, counter_volume=1.66667, project_id=10335348806483, message_id=, counter_type=gauge}, {counter_name=image.size, user_id=10377784155861, resource_id=, timestamp=2013-11-13T12:00:00, resource_metadata={service=BS}, source=1:1, counter_unit=GB, counter_volume=3.86111, project_id=10335348806483, message_id=, counter_type=gauge}, {counter_name=image.size, user_id=10377784155861, resource_id=, timestamp=2013-11-14T12:00:00, resource_metadata={service=BS}, source=1:1, counter_unit=GB, counter_volume=4.33333, project_id=10335348806483, message_id=, counter_type=gauge}, {counter_name=image.size, user_id=10377784155861, resource_id=, timestamp=2013-11-15T12:00:00, resource_metadata={service=BS}, source=1:1, counter_unit=GB, counter_volume=2.52778, project_id=10335348806483, message_id=, counter_type=gauge}, {counter_name=image.size, user_id=10377784155861, resource_id=, timestamp=2013-11-26T12:00:00, resource_metadata={service=BS}, source=1:1, counter_unit=GB, counter_volume=0.541667, project_id=10335348806483, message_id=, counter_type=gauge}, {counter_name=image.size, user_id=10377784155861, resource_id=, timestamp=2013-11-27T12:00:00, resource_metadata={service=BS}, source=1:1, counter_unit=GB, counter_volume=4.33333, project_id=10335348806483, message_id=, counter_type=gauge}, {counter_name=image.size, user_id=10377784155861, resource_id=, timestamp=2013-11-28T12:00:00, resource_metadata={service=BS}, source=1:1, counter_unit=GB, counter_volume=1.625, project_id=10335348806483, message_id=, counter_type=gauge}, {counter_name=image.size, user_id=10377784155861, resource_id=, timestamp=2013-12-04T12:00:00, resource_metadata={service=BS}, source=1:1, counter_unit=GB, counter_volume=1.04839, project_id=10335348806483, message_id=, counter_type=gauge}, {counter_name=image.size, user_id=10377784155861, resource_id=, timestamp=2013-12-05T12:00:00, resource_metadata={service=BS}, source=1:1, counter_unit=GB, counter_volume=3.99194, project_id=10335348806483, message_id=, counter_type=gauge}, {counter_name=image.size, user_id=10377784155861, resource_id=, timestamp=2013-12-06T12:00:00, resource_metadata={service=BS}, source=1:1, counter_unit=GB, counter_volume=4.19355, project_id=10335348806483, message_id=, counter_type=gauge}, {counter_name=image.size, user_id=10377784155861, resource_id=, timestamp=2013-12-07T12:00:00, resource_metadata={service=BS}, source=1:1, counter_unit=GB, counter_volume=4.19355, project_id=10335348806483, message_id=, counter_type=gauge}, {counter_name=image.size, user_id=10377784155861, resource_id=, timestamp=2013-12-08T12:00:00, resource_metadata={service=BS}, source=1:1, counter_unit=GB, counter_volume=4.19355, project_id=10335348806483, message_id=, counter_type=gauge}, {counter_name=image.size, user_id=10377784155861, resource_id=, timestamp=2013-12-09T12:00:00, resource_metadata={service=BS}, source=1:1, counter_unit=GB, counter_volume=4.19355, project_id=10335348806483, message_id=, counter_type=gauge}, {counter_name=image.size, user_id=10377784155861, resource_id=, timestamp=2013-12-10T12:00:00, resource_metadata={service=BS}, source=1:1, counter_unit=GB, counter_volume=4.19355, project_id=10335348806483, message_id=, counter_type=gauge}, {counter_name=image.size, user_id=10377784155861, resource_id=, timestamp=2013-12-11T12:00:00, resource_metadata={service=BS}, source=1:1, counter_unit=GB, counter_volume=2.09677, project_id=10335348806483, message_id=, counter_type=gauge}, {counter_name=image.size, user_id=10377784155861, resource_id=, timestamp=2013-12-14T12:00:00, resource_metadata={service=BS}, source=1:1, counter_unit=GB, counter_volume=0.16129, project_id=10335348806483, message_id=, counter_type=gauge}, {counter_name=image.size, user_id=10377784155861, resource_id=, timestamp=2013-12-16T12:00:00, resource_metadata={service=BS}, source=1:1, counter_unit=GB, counter_volume=2.62097, project_id=10335348806483, message_id=, counter_type=gauge}, {counter_name=image.size, user_id=10377784155861, resource_id=, timestamp=2013-12-17T12:00:00, resource_metadata={service=BS}, source=1:1, counter_unit=GB, counter_volume=2.09677, project_id=10335348806483, message_id=, counter_type=gauge}, {counter_name=image.size, user_id=10377784155861, resource_id=, timestamp=2013-12-18T12:00:00, resource_metadata={service=BS}, source=1:1, counter_unit=GB, counter_volume=0.524194, project_id=10335348806483, message_id=, counter_type=gauge}, {counter_name=image.size, user_id=10377784155861, resource_id=, timestamp=2013-12-19T12:00:00, resource_metadata={service=BS}, source=1:1, counter_unit=GB, counter_volume=4.15323, project_id=10335348806483, message_id=, counter_type=gauge}, {counter_name=image.size, user_id=10377784155861, resource_id=, timestamp=2013-12-20T12:00:00, resource_metadata={service=BS}, source=1:1, counter_unit=GB, counter_volume=3.57527, project_id=10335348806483, message_id=, counter_type=gauge}, {counter_name=image.size, user_id=10377784155861, resource_id=, timestamp=2013-12-21T12:00:00, resource_metadata={service=BS}, source=1:1, counter_unit=GB, counter_volume=3.10484, project_id=10335348806483, message_id=, counter_type=gauge}, {counter_name=image.size, user_id=10377784155861, resource_id=, timestamp=2013-12-22T12:00:00, resource_metadata={service=BS}, source=1:1, counter_unit=GB, counter_volume=4.15323, project_id=10335348806483, message_id=, counter_type=gauge}, {counter_name=image.size, user_id=10377784155861, resource_id=, timestamp=2013-12-23T12:00:00, resource_metadata={service=BS}, source=1:1, counter_unit=GB, counter_volume=3.99194, project_id=10335348806483, message_id=, counter_type=gauge}, {counter_name=image.size, user_id=10377784155861, resource_id=, timestamp=2013-12-24T12:00:00, resource_metadata={service=BS}, source=1:1, counter_unit=GB, counter_volume=3.99194, project_id=10335348806483, message_id=, counter_type=gauge}, {counter_name=image.size, user_id=10377784155861, resource_id=, timestamp=2013-12-25T12:00:00, resource_metadata={service=BS}, source=1:1, counter_unit=GB, counter_volume=1.92204, project_id=10335348806483, message_id=, counter_type=gauge}, {counter_name=image.size, user_id=10377784155861, resource_id=, timestamp=2013-12-28T12:00:00, resource_metadata={service=BS}, source=1:1, counter_unit=GB, counter_volume=0.174731, project_id=10335348806483, message_id=, counter_type=gauge}, {counter_name=image.size, user_id=10377784155861, resource_id=, timestamp=2014-01-17T12:00:00, resource_metadata={service=BS}, source=1:1, counter_unit=GB, counter_volume=0.698925, project_id=10335348806483, message_id=, counter_type=gauge}, {counter_name=image.size, user_id=10377784155861, resource_id=, timestamp=2014-01-18T12:00:00, resource_metadata={service=BS}, source=1:1, counter_unit=GB, counter_volume=2.95699, project_id=10335348806483, message_id=, counter_type=gauge}, {counter_name=image.size, user_id=10377784155861, resource_id=, timestamp=2014-01-19T12:00:00, resource_metadata={service=BS}, source=1:1, counter_unit=GB, counter_volume=4.19355, project_id=10335348806483, message_id=, counter_type=gauge}, {counter_name=image.size, user_id=10377784155861, resource_id=, timestamp=2014-01-20T12:00:00, resource_metadata={service=BS}, source=1:1, counter_unit=GB, counter_volume=4.19355, project_id=10335348806483, message_id=, counter_type=gauge}, {counter_name=image.size, user_id=10377784155861, resource_id=, timestamp=2014-01-21T12:00:00, resource_metadata={service=BS}, source=1:1, counter_unit=GB, counter_volume=4.19355, project_id=10335348806483, message_id=, counter_type=gauge}, {counter_name=image.size, user_id=10377784155861, resource_id=, timestamp=2014-01-22T12:00:00, resource_metadata={service=BS}, source=1:1, counter_unit=GB, counter_volume=4.19355, project_id=10335348806483, message_id=, counter_type=gauge}, {counter_name=image.size, user_id=10377784155861, resource_id=, timestamp=2014-01-23T12:00:00, resource_metadata={service=BS}, source=1:1, counter_unit=GB, counter_volume=1.92204, project_id=10335348806483, message_id=, counter_type=gauge}, {counter_name=image.size, user_id=10377784155861, resource_id=, timestamp=2014-01-24T12:00:00, resource_metadata={service=BS}, source=1:1, counter_unit=GB, counter_volume=1.22312, project_id=10335348806483, message_id=, counter_type=gauge}, {counter_name=image.size, user_id=10377784155861, resource_id=, timestamp=2014-01-25T12:00:00, resource_metadata={service=BS}, source=1:1, counter_unit=GB, counter_volume=4.19355, project_id=10335348806483, message_id=, counter_type=gauge}, {counter_name=image.size, user_id=10377784155861, resource_id=, timestamp=2014-01-26T12:00:00, resource_metadata={service=BS}, source=1:1, counter_unit=GB, counter_volume=4.19355, project_id=10335348806483, message_id=, counter_type=gauge}, {counter_name=image.size, user_id=10377784155861, resource_id=, timestamp=2014-01-27T12:00:00, resource_metadata={service=BS}, source=1:1, counter_unit=GB, counter_volume=4.19355, project_id=10335348806483, message_id=, counter_type=gauge}, {counter_name=image.size, user_id=10377784155861, resource_id=, timestamp=2014-01-28T12:00:00, resource_metadata={service=BS}, source=1:1, counter_unit=GB, counter_volume=4.19355, project_id=10335348806483, message_id=, counter_type=gauge}, {counter_name=image.size, user_id=10377784155861, resource_id=, timestamp=2014-01-29T12:00:00, resource_metadata={service=BS}, source=1:1, counter_unit=GB, counter_volume=4.19355, project_id=10335348806483, message_id=, counter_type=gauge}, {counter_name=image.size, user_id=10377784155861, resource_id=, timestamp=2014-01-30T12:00:00, resource_metadata={service=BS}, source=1:1, counter_unit=GB, counter_volume=4.19355, project_id=10335348806483, message_id=, counter_type=gauge}, {counter_name=image.size, user_id=10377784155861, resource_id=, timestamp=2014-01-31T12:00:00, resource_metadata={service=BS}, source=1:1, counter_unit=GB, counter_volume=4.19355, project_id=10335348806483, message_id=, counter_type=gauge}, {counter_name=image.size, user_id=10377784155861, resource_id=, timestamp=2014-02-01T12:00:00, resource_metadata={service=BS}, source=1:1, counter_unit=GB, counter_volume=4.64286, project_id=10335348806483, message_id=, counter_type=gauge}, {counter_name=image.size, user_id=10377784155861, resource_id=, timestamp=2014-02-02T12:00:00, resource_metadata={service=BS}, source=1:1, counter_unit=GB, counter_volume=4.64286, project_id=10335348806483, message_id=, counter_type=gauge}, {counter_name=image.size, user_id=10377784155861, resource_id=, timestamp=2014-02-03T12:00:00, resource_metadata={service=BS}, source=1:1, counter_unit=GB, counter_volume=4.64286, project_id=10335348806483, message_id=, counter_type=gauge}, {counter_name=image.size, user_id=10377784155861, resource_id=, timestamp=2014-02-04T12:00:00, resource_metadata={service=BS}, source=1:1, counter_unit=GB, counter_volume=4.64286, project_id=10335348806483, message_id=, counter_type=gauge}, {counter_name=image.size, user_id=10377784155861, resource_id=, timestamp=2014-02-05T12:00:00, resource_metadata={service=BS}, source=1:1, counter_unit=GB, counter_volume=4.64286, project_id=10335348806483, message_id=, counter_type=gauge}, {counter_name=image.size, user_id=10377784155861, resource_id=, timestamp=2014-02-06T12:00:00, resource_metadata={service=BS}, source=1:1, counter_unit=GB, counter_volume=4.64286, project_id=10335348806483, message_id=, counter_type=gauge}, {counter_name=image.size, user_id=10377784155861, resource_id=, timestamp=2014-02-07T12:00:00, resource_metadata={service=BS}, source=1:1, counter_unit=GB, counter_volume=4.64286, project_id=10335348806483, message_id=, counter_type=gauge}, {counter_name=image.size, user_id=10377784155861, resource_id=, timestamp=2014-02-08T12:00:00, resource_metadata={service=BS}, source=1:1, counter_unit=GB, counter_volume=4.64286, project_id=10335348806483, message_id=, counter_type=gauge}, {counter_name=image.size, user_id=10377784155861, resource_id=, timestamp=2014-02-09T12:00:00, resource_metadata={service=BS}, source=1:1, counter_unit=GB, counter_volume=4.64286, project_id=10335348806483, message_id=, counter_type=gauge}, {counter_name=image.size, user_id=10377784155861, resource_id=, timestamp=2014-02-10T12:00:00, resource_metadata={service=BS}, source=1:1, counter_unit=GB, counter_volume=4.64286, project_id=10335348806483, message_id=, counter_type=gauge}, {counter_name=image.size, user_id=10377784155861, resource_id=, timestamp=2014-02-11T12:00:00, resource_metadata={service=BS}, source=1:1, counter_unit=GB, counter_volume=4.64286, project_id=10335348806483, message_id=, counter_type=gauge}, {counter_name=image.size, user_id=10377784155861, resource_id=, timestamp=2014-02-12T12:00:00, resource_metadata={service=BS}, source=1:1, counter_unit=GB, counter_volume=4.64286, project_id=10335348806483, message_id=, counter_type=gauge}, {counter_name=image.size, user_id=10377784155861, resource_id=, timestamp=2014-02-13T12:00:00, resource_metadata={service=BS}, source=1:1, counter_unit=GB, counter_volume=4.64286, project_id=10335348806483, message_id=, counter_type=gauge}, {counter_name=image.size, user_id=10377784155861, resource_id=, timestamp=2014-02-14T12:00:00, resource_metadata={service=BS}, source=1:1, counter_unit=GB, counter_volume=4.64286, project_id=10335348806483, message_id=, counter_type=gauge}, {counter_name=image.size, user_id=10377784155861, resource_id=, timestamp=2014-02-15T12:00:00, resource_metadata={service=BS}, source=1:1, counter_unit=GB, counter_volume=4.64286, project_id=10335348806483, message_id=, counter_type=gauge}, {counter_name=image.size, user_id=10377784155861, resource_id=, timestamp=2014-02-16T12:00:00, resource_metadata={service=BS}, source=1:1, counter_unit=GB, counter_volume=4.64286, project_id=10335348806483, message_id=, counter_type=gauge}, {counter_name=image.size, user_id=10377784155861, resource_id=, timestamp=2014-02-17T12:00:00, resource_metadata={service=BS}, source=1:1, counter_unit=GB, counter_volume=4.64286, project_id=10335348806483, message_id=, counter_type=gauge}, {counter_name=image.size, user_id=10377784155861, resource_id=, timestamp=2014-02-18T12:00:00, resource_metadata={service=BS}, source=1:1, counter_unit=GB, counter_volume=4.64286, project_id=10335348806483, message_id=, counter_type=gauge}, {counter_name=image.size, user_id=10377784155861, resource_id=, timestamp=2014-02-19T12:00:00, resource_metadata={service=BS}, source=1:1, counter_unit=GB, counter_volume=4.64286, project_id=10335348806483, message_id=, counter_type=gauge}, {counter_name=image.size, user_id=10377784155861, resource_id=, timestamp=2014-02-20T12:00:00, resource_metadata={service=BS}, source=1:1, counter_unit=GB, counter_volume=4.64286, project_id=10335348806483, message_id=, counter_type=gauge}, {counter_name=image.size, user_id=10377784155861, resource_id=, timestamp=2014-02-21T12:00:00, resource_metadata={service=BS}, source=1:1, counter_unit=GB, counter_volume=4.64286, project_id=10335348806483, message_id=, counter_type=gauge}, {counter_name=image.size, user_id=10377784155861, resource_id=, timestamp=2014-02-22T12:00:00, resource_metadata={service=BS}, source=1:1, counter_unit=GB, counter_volume=4.64286, project_id=10335348806483, message_id=, counter_type=gauge}, {counter_name=image.size, user_id=10377784155861, resource_id=, timestamp=2014-02-23T12:00:00, resource_metadata={service=BS}, source=1:1, counter_unit=GB, counter_volume=4.64286, project_id=10335348806483, message_id=, counter_type=gauge}, {counter_name=image.size, user_id=10377784155861, resource_id=, timestamp=2014-02-24T12:00:00, resource_metadata={service=BS}, source=1:1, counter_unit=GB, counter_volume=4.64286, project_id=10335348806483, message_id=, counter_type=gauge}, {counter_name=image.size, user_id=10377784155861, resource_id=, timestamp=2014-02-25T12:00:00, resource_metadata={service=BS}, source=1:1, counter_unit=GB, counter_volume=4.64286, project_id=10335348806483, message_id=, counter_type=gauge}, {counter_name=image.size, user_id=10377784155861, resource_id=, timestamp=2014-02-26T12:00:00, resource_metadata={service=BS}, source=1:1, counter_unit=GB, counter_volume=4.64286, project_id=10335348806483, message_id=, counter_type=gauge}, {counter_name=image.size, user_id=10377784155861, resource_id=, timestamp=2014-02-27T12:00:00, resource_metadata={service=BS}, source=1:1, counter_unit=GB, counter_volume=4.64286, project_id=10335348806483, message_id=, counter_type=gauge}, {counter_name=image.size, user_id=10377784155861, resource_id=, timestamp=2014-02-28T12:00:00, resource_metadata={service=BS}, source=1:1, counter_unit=GB, counter_volume=4.64286, project_id=10335348806483, message_id=, counter_type=gauge}, {counter_name=image.size, user_id=10377784155861, resource_id=, timestamp=2014-03-01T12:00:00, resource_metadata={service=BS}, source=1:1, counter_unit=GB, counter_volume=4.19355, project_id=10335348806483, message_id=, counter_type=gauge}, {counter_name=image.size, user_id=10377784155861, resource_id=, timestamp=2014-03-02T12:00:00, resource_metadata={service=BS}, source=1:1, counter_unit=GB, counter_volume=4.19355, project_id=10335348806483, message_id=, counter_type=gauge}, {counter_name=image.size, user_id=10377784155861, resource_id=, timestamp=2014-03-03T12:00:00, resource_metadata={service=BS}, source=1:1, counter_unit=GB, counter_volume=4.19355, project_id=10335348806483, message_id=, counter_type=gauge}, {counter_name=image.size, user_id=10377784155861, resource_id=, timestamp=2014-03-04T12:00:00, resource_metadata={service=BS}, source=1:1, counter_unit=GB, counter_volume=4.19355, project_id=10335348806483, message_id=, counter_type=gauge}, {counter_name=image.size, user_id=10377784155861, resource_id=, timestamp=2014-03-05T12:00:00, resource_metadata={service=BS}, source=1:1, counter_unit=GB, counter_volume=4.19355, project_id=10335348806483, message_id=, counter_type=gauge}, {counter_name=image.size, user_id=10377784155861, resource_id=, timestamp=2014-03-06T12:00:00, resource_metadata={service=BS}, source=1:1, counter_unit=GB, counter_volume=4.19355, project_id=10335348806483, message_id=, counter_type=gauge}, {counter_name=image.size, user_id=10377784155861, resource_id=, timestamp=2014-03-07T12:00:00, resource_metadata={service=BS}, source=1:1, counter_unit=GB, counter_volume=4.19355, project_id=10335348806483, message_id=, counter_type=gauge}, {counter_name=image.size, user_id=10377784155861, resource_id=, timestamp=2014-03-08T12:00:00, resource_metadata={service=BS}, source=1:1, counter_unit=GB, counter_volume=4.19355, project_id=10335348806483, message_id=, counter_type=gauge}, {counter_name=image.size, user_id=10377784155861, resource_id=, timestamp=2014-03-09T12:00:00, resource_metadata={service=BS}, source=1:1, counter_unit=GB, counter_volume=4.19355, project_id=10335348806483, message_id=, counter_type=gauge}, {counter_name=image.size, user_id=10377784155861, resource_id=, timestamp=2014-03-10T12:00:00, resource_metadata={service=BS}, source=1:1, counter_unit=GB, counter_volume=4.19355, project_id=10335348806483, message_id=, counter_type=gauge}, {counter_name=image.size, user_id=10377784155861, resource_id=, timestamp=2014-03-12T12:00:00, resource_metadata={service=BS}, source=1:1, counter_unit=GB, counter_volume=3.17204, project_id=10335348806483, message_id=, counter_type=gauge}, {counter_name=image.size, user_id=10377784155861, resource_id=, timestamp=2014-03-13T12:00:00, resource_metadata={service=BS}, source=1:1, counter_unit=GB, counter_volume=1.78763, project_id=10335348806483, message_id=, counter_type=gauge}, {counter_name=image.size, user_id=10377784155861, resource_id=, timestamp=2014-03-14T12:00:00, resource_metadata={service=BS}, source=1:1, counter_unit=GB, counter_volume=0.537634, project_id=10335348806483, message_id=, counter_type=gauge}, {counter_name=image.size, user_id=10377784155861, resource_id=, timestamp=2014-03-16T12:00:00, resource_metadata={service=BS}, source=1:1, counter_unit=GB, counter_volume=0.766129, project_id=10335348806483, message_id=, counter_type=gauge}, {counter_name=image.size, user_id=10377784155861, resource_id=, timestamp=2014-03-17T12:00:00, resource_metadata={service=BS}, source=1:1, counter_unit=GB, counter_volume=0.793011, project_id=10335348806483, message_id=, counter_type=gauge}, {counter_name=image.size, user_id=10377784155861, resource_id=, timestamp=2014-03-18T12:00:00, resource_metadata={service=BS}, source=1:1, counter_unit=GB, counter_volume=0.120968, project_id=10335348806483, message_id=, counter_type=gauge}, {counter_name=image.size, user_id=10377784155861, resource_id=, timestamp=2014-03-19T12:00:00, resource_metadata={service=BS}, source=1:1, counter_unit=GB, counter_volume=0.322581, project_id=10335348806483, message_id=, counter_type=gauge}, {counter_name=image.size, user_id=10377784155861, resource_id=, timestamp=2014-03-27T12:00:00, resource_metadata={service=BS}, source=1:1, counter_unit=GB, counter_volume=0.215054, project_id=10335348806483, message_id=, counter_type=gauge}, {counter_name=image.size, user_id=10377784155861, resource_id=, timestamp=2014-03-28T12:00:00, resource_metadata={service=BS}, source=1:1, counter_unit=GB, counter_volume=1.6129, project_id=10335348806483, message_id=, counter_type=gauge}, {counter_name=image.size, user_id=10377784155861, resource_id=, timestamp=2014-03-29T12:00:00, resource_metadata={service=BS}, source=1:1, counter_unit=GB, counter_volume=1.29032, project_id=10335348806483, message_id=, counter_type=gauge}, {counter_name=image.size, user_id=10377784155861, resource_id=, timestamp=2014-04-04T12:00:00, resource_metadata={service=BS}, source=1:1, counter_unit=GB, counter_volume=2.66667, project_id=10335348806483, message_id=, counter_type=gauge}, {counter_name=image.size, user_id=10377784155861, resource_id=, timestamp=2014-04-05T12:00:00, resource_metadata={service=BS}, source=1:1, counter_unit=GB, counter_volume=2.66667, project_id=10335348806483, message_id=, counter_type=gauge}, {counter_name=image.size, user_id=10377784155861, resource_id=, timestamp=2014-04-06T12:00:00, resource_metadata={service=BS}, source=1:1, counter_unit=GB, counter_volume=2.66667, project_id=10335348806483, message_id=, counter_type=gauge}, {counter_name=image.size, user_id=10377784155861, resource_id=, timestamp=2014-04-07T12:00:00, resource_metadata={service=BS}, source=1:1, counter_unit=GB, counter_volume=2.66667, project_id=10335348806483, message_id=, counter_type=gauge}, {counter_name=image.size, user_id=10377784155861, resource_id=, timestamp=2014-04-08T12:00:00, resource_metadata={service=BS}, source=1:1, counter_unit=GB, counter_volume=2.66667, project_id=10335348806483, message_id=, counter_type=gauge}, {counter_name=image.size, user_id=10377784155861, resource_id=, timestamp=2014-04-09T12:00:00, resource_metadata={service=BS}, source=1:1, counter_unit=GB, counter_volume=2.66667, project_id=10335348806483, message_id=, counter_type=gauge}, {counter_name=image.size, user_id=10377784155861, resource_id=, timestamp=2014-04-10T12:00:00, resource_metadata={service=BS}, source=1:1, counter_unit=GB, counter_volume=2.66667, project_id=10335348806483, message_id=, counter_type=gauge}, {counter_name=image.size, user_id=10377784155861, resource_id=, timestamp=2014-04-11T12:00:00, resource_metadata={service=BS}, source=1:1, counter_unit=GB, counter_volume=2.66667, project_id=10335348806483, message_id=, counter_type=gauge}, {counter_name=image.size, user_id=10377784155861, resource_id=, timestamp=2014-04-12T12:00:00, resource_metadata={service=BS}, source=1:1, counter_unit=GB, counter_volume=2.66667, project_id=10335348806483, message_id=, counter_type=gauge}, {counter_name=image.size, user_id=10377784155861, resource_id=, timestamp=2014-04-13T12:00:00, resource_metadata={service=BS}, source=1:1, counter_unit=GB, counter_volume=2.22222, project_id=10335348806483, message_id=, counter_type=gauge}, {counter_name=image.size, user_id=10377784155861, resource_id=, timestamp=2014-04-14T12:00:00, resource_metadata={service=BS}, source=1:1, counter_unit=GB, counter_volume=0.777778, project_id=10335348806483, message_id=, counter_type=gauge}, {counter_name=image.size, user_id=10377784155861, resource_id=, timestamp=2014-05-02T12:00:00, resource_metadata={service=BS}, source=1:1, counter_unit=GB, counter_volume=1.6129, project_id=10335348806483, message_id=, counter_type=gauge}, {counter_name=image.size, user_id=10377784155861, resource_id=, timestamp=2014-05-03T12:00:00, resource_metadata={service=BS}, source=1:1, counter_unit=GB, counter_volume=2.58065, project_id=10335348806483, message_id=, counter_type=gauge}, {counter_name=image.size, user_id=10377784155861, resource_id=, timestamp=2014-05-04T12:00:00, resource_metadata={service=BS}, source=1:1, counter_unit=GB, counter_volume=2.25806, project_id=10335348806483, message_id=, counter_type=gauge}, {counter_name=image.size, user_id=10377784155861, resource_id=, timestamp=2014-05-05T12:00:00, resource_metadata={service=BS}, source=1:1, counter_unit=GB, counter_volume=2.15054, project_id=10335348806483, message_id=, counter_type=gauge}, {counter_name=image.size, user_id=10377784155861, resource_id=, timestamp=2014-05-06T12:00:00, resource_metadata={service=BS}, source=1:1, counter_unit=GB, counter_volume=2.58065, project_id=10335348806483, message_id=, counter_type=gauge}, {counter_name=image.size, user_id=10377784155861, resource_id=, timestamp=2014-05-07T12:00:00, resource_metadata={service=BS}, source=1:1, counter_unit=GB, counter_volume=2.58065, project_id=10335348806483, message_id=, counter_type=gauge}, {counter_name=image.size, user_id=10377784155861, resource_id=, timestamp=2014-05-08T12:00:00, resource_metadata={service=BS}, source=1:1, counter_unit=GB, counter_volume=2.58065, project_id=10335348806483, message_id=, counter_type=gauge}, {counter_name=image.size, user_id=10377784155861, resource_id=, timestamp=2014-05-09T12:00:00, resource_metadata={service=BS}, source=1:1, counter_unit=GB, counter_volume=2.58065, project_id=10335348806483, message_id=, counter_type=gauge}, {counter_name=image.size, user_id=10377784155861, resource_id=, timestamp=2014-05-10T12:00:00, resource_metadata={service=BS}, source=1:1, counter_unit=GB, counter_volume=2.58065, project_id=10335348806483, message_id=, counter_type=gauge}, {counter_name=image.size, user_id=10377784155861, resource_id=, timestamp=2014-05-11T12:00:00, resource_metadata={service=BS}, source=1:1, counter_unit=GB, counter_volume=2.15054, project_id=10335348806483, message_id=, counter_type=gauge}, {counter_name=image.size, user_id=10377784155861, resource_id=, timestamp=2014-06-04T12:00:00, resource_metadata={service=BS}, source=1:1, counter_unit=GB, counter_volume=0.111111, project_id=10335348806483, message_id=, counter_type=gauge}, {counter_name=image.size, user_id=10377784155861, resource_id=, timestamp=2014-06-05T12:00:00, resource_metadata={service=BS}, source=1:1, counter_unit=GB, counter_volume=2.44444, project_id=10335348806483, message_id=, counter_type=gauge}, {counter_name=image.size, user_id=10377784155861, resource_id=, timestamp=2014-06-06T12:00:00, resource_metadata={service=BS}, source=1:1, counter_unit=GB, counter_volume=2.66667, project_id=10335348806483, message_id=, counter_type=gauge}, {counter_name=image.size, user_id=10377784155861, resource_id=, timestamp=2014-06-07T12:00:00, resource_metadata={service=BS}, source=1:1, counter_unit=GB, counter_volume=2.66667, project_id=10335348806483, message_id=, counter_type=gauge}, {counter_name=image.size, user_id=10377784155861, resource_id=, timestamp=2014-06-08T12:00:00, resource_metadata={service=BS}, source=1:1, counter_unit=GB, counter_volume=2.66667, project_id=10335348806483, message_id=, counter_type=gauge}, {counter_name=image.size, user_id=10377784155861, resource_id=, timestamp=2014-06-09T12:00:00, resource_metadata={service=BS}, source=1:1, counter_unit=GB, counter_volume=0.777778, project_id=10335348806483, message_id=, counter_type=gauge}, {counter_name=image.size, user_id=10377784155861, resource_id=, timestamp=2014-06-10T12:00:00, resource_metadata={service=BS}, source=1:1, counter_unit=GB, counter_volume=1.88889, project_id=10335348806483, message_id=, counter_type=gauge}, {counter_name=image.size, user_id=10377784155861, resource_id=, timestamp=2014-06-11T12:00:00, resource_metadata={service=BS}, source=1:1, counter_unit=GB, counter_volume=2.66667, project_id=10335348806483, message_id=, counter_type=gauge}, {counter_name=image.size, user_id=10377784155861, resource_id=, timestamp=2014-06-12T12:00:00, resource_metadata={service=BS}, source=1:1, counter_unit=GB, counter_volume=2.66667, project_id=10335348806483, message_id=, counter_type=gauge}, {counter_name=image.size, user_id=10377784155861, resource_id=, timestamp=2014-06-13T12:00:00, resource_metadata={service=BS}, source=1:1, counter_unit=GB, counter_volume=2.66667, project_id=10335348806483, message_id=, counter_type=gauge}, {counter_name=image.size, user_id=10377784155861, resource_id=, timestamp=2014-06-14T12:00:00, resource_metadata={service=BS}, source=1:1, counter_unit=GB, counter_volume=2.66667, project_id=10335348806483, message_id=, counter_type=gauge}, {counter_name=image.size, user_id=10377784155861, resource_id=, timestamp=2014-06-15T12:00:00, resource_metadata={service=BS}, source=1:1, counter_unit=GB, counter_volume=2.66667, project_id=10335348806483, message_id=, counter_type=gauge}, {counter_name=image.size, user_id=10377784155861, resource_id=, timestamp=2014-06-16T12:00:00, resource_metadata={service=BS}, source=1:1, counter_unit=GB, counter_volume=2.66667, project_id=10335348806483, message_id=, counter_type=gauge}]
</system-out>
  </testcase>
</testsuite>