-------------------------------------------------------------------------------
Test set: TestSuite
-------------------------------------------------------------------------------
Tests run: 30, Failures: 2, Errors: 0, Skipped: 1, Time elapsed: 353.212 sec <<< FAILURE!
timeStampFilterEqualsToQueryResponseAssertion(org.ceilometer.CeilometerTestAutomationSuite.MeterListFilterQueryByTimestamp_EQ_Test)  Time elapsed: 6.987 sec  <<< FAILURE!
junit.framework.AssertionFailedError: expected:<400> but was:<200>
	at junit.framework.Assert.fail(Assert.java:50)
	at junit.framework.Assert.failNotEquals(Assert.java:287)
	at junit.framework.Assert.assertEquals(Assert.java:67)
	at junit.framework.Assert.assertEquals(Assert.java:199)
	at junit.framework.Assert.assertEquals(Assert.java:205)
	at org.ceilometer.CeilometerTestAutomationSuite.MeterListFilterQueryByTimestamp_EQ_Test.timeStampFilterEqualsToQueryResponseAssertion(MeterListFilterQueryByTimestamp_EQ_Test.java:68)

meterListWithMeterNameVerifyMeterNameTest(org.ceilometer.CeilometerTestAutomationSuite.MeterListWithMeterNameTest)  Time elapsed: 8.93 sec  <<< FAILURE!
junit.framework.AssertionFailedError
	at junit.framework.Assert.fail(Assert.java:48)
	at junit.framework.Assert.assertTrue(Assert.java:20)
	at junit.framework.Assert.assertTrue(Assert.java:27)
	at org.ceilometer.CeilometerTestAutomationSuite.MeterListWithMeterNameTest.meterListWithMeterNameVerifyMeterNameTest(MeterListWithMeterNameTest.java:99)

