<?xml version="1.0" encoding="UTF-8"?>
<testng-results skipped="0" failed="0" total="2" passed="2">
  <reporter-output>
  </reporter-output>
  <suite name="Default suite" duration-ms="14267" started-at="2014-06-13T11:44:44Z" finished-at="2014-06-13T11:44:58Z">
    <groups>
    </groups>
    <test name="Default test" duration-ms="14267" started-at="2014-06-13T11:44:44Z" finished-at="2014-06-13T11:44:58Z">
      <class name="org.ceilometer.CeilometerTestAutomationSuite.MeterListTest1">
        <test-method status="PASS" signature="init()[pri:0, instance:org.ceilometer.CeilometerTestAutomationSuite.MeterListTest1@3860458b]" name="init" is-config="true" duration-ms="7" started-at="2014-06-13T17:14:44Z" finished-at="2014-06-13T17:14:44Z">
          <reporter-output>
          </reporter-output>
        </test-method> <!-- init -->
        <test-method status="PASS" signature="setUp()[pri:0, instance:org.ceilometer.CeilometerTestAutomationSuite.MeterListTest1@3860458b]" name="setUp" is-config="true" duration-ms="5806" started-at="2014-06-13T17:14:44Z" finished-at="2014-06-13T17:14:50Z">
          <reporter-output>
          </reporter-output>
        </test-method> <!-- setUp -->
        <test-method status="PASS" signature="invalidTokenGetMetersResponseCode()[pri:0, instance:org.ceilometer.CeilometerTestAutomationSuite.MeterListTest1@3860458b]" name="invalidTokenGetMetersResponseCode" duration-ms="2294" started-at="2014-06-13T17:14:50Z" finished-at="2014-06-13T17:14:52Z">
          <reporter-output>
          </reporter-output>
        </test-method> <!-- invalidTokenGetMetersResponseCode -->
        <test-method status="PASS" signature="verifyGetMetersResponseCode()[pri:0, instance:org.ceilometer.CeilometerTestAutomationSuite.MeterListTest1@3860458b]" name="verifyGetMetersResponseCode" duration-ms="6141" started-at="2014-06-13T17:14:52Z" finished-at="2014-06-13T17:14:58Z">
          <reporter-output>
          </reporter-output>
        </test-method> <!-- verifyGetMetersResponseCode -->
      </class> <!-- org.ceilometer.CeilometerTestAutomationSuite.MeterListTest1 -->
    </test> <!-- Default test -->
  </suite> <!-- Default suite -->
</testng-results>
