<?xml version="1.0" encoding="UTF-8"?>
<!-- Generated by org.testng.reporters.JUnitXMLReporter -->
<testsuite hostname="REKHASU1" name="Regression1" tests="30" failures="2" timestamp="30 Jun 2014 09:27:06 GMT" time="351.864" errors="0">
  <testcase name="userIdFilterQueryResponseAssertionTest" time="13.71" classname="org.ceilometer.CeilometerTestAutomationSuite.FilterQueryByUserIDTest"/>
  <testcase name="userIdFilterQueryResponseAllJSONfieldsExist" time="9.369" classname="org.ceilometer.CeilometerTestAutomationSuite.FilterQueryByUserIDTest"/>
  <testcase name="userIdFilterQueryVerifyuserIdValue" time="7.453" classname="org.ceilometer.CeilometerTestAutomationSuite.FilterQueryByUserIDTest"/>
  <testcase name="projectIdFilterQueryTestResponseAssertionTest" time="9.081" classname="org.ceilometer.CeilometerTestAutomationSuite.FilterQueryProjectIDTest"/>
  <testcase name="projectIdFilterQueryResponseAllJSONfieldsExist" time="8.617" classname="org.ceilometer.CeilometerTestAutomationSuite.FilterQueryProjectIDTest"/>
  <testcase name="projectIdFilterQueryVerifyProjectIdValue" time="8.504" classname="org.ceilometer.CeilometerTestAutomationSuite.FilterQueryProjectIDTest"/>
  <testcase name="serviceIdFilterQueryResponseAllJSONfieldsExist" time="10.679" classname="org.ceilometer.CeilometerTestAutomationSuite.MeterListFilterQuerybyServiceIDTest1"/>
  <testcase name="serviceIdFilterQueryResponseAssertionTest" time="8.696" classname="org.ceilometer.CeilometerTestAutomationSuite.MeterListFilterQuerybyServiceIDTest1"/>
  <testcase name="serviceIdFilterQueryResponseVerifyserviceIdValue" time="8.841" classname="org.ceilometer.CeilometerTestAutomationSuite.MeterListFilterQuerybyServiceIDTest1"/>
  <testcase name="timeStampFilterEqualsToQueryResponseAssertion" time="6.985" classname="org.ceilometer.CeilometerTestAutomationSuite.MeterListFilterQueryByTimestamp_EQ_Test">
    <failure type="junit.framework.AssertionFailedError" message="expected:&amp;lt;400&amp;gt; but was:&amp;lt;200&amp;gt;">
      <![CDATA[junit.framework.AssertionFailedError: expected:<400> but was:<200>
	at junit.framework.Assert.fail(Assert.java:50)
	at junit.framework.Assert.failNotEquals(Assert.java:287)
	at junit.framework.Assert.assertEquals(Assert.java:67)
	at junit.framework.Assert.assertEquals(Assert.java:199)
	at junit.framework.Assert.assertEquals(Assert.java:205)
	at org.ceilometer.CeilometerTestAutomationSuite.MeterListFilterQueryByTimestamp_EQ_Test.timeStampFilterEqualsToQueryResponseAssertion(MeterListFilterQueryByTimestamp_EQ_Test.java:68)
	at com.sun.proxy.$Proxy0.invoke(Unknown Source)
... Removed 32 stack frames]]>
    </failure>
  </testcase> <!-- timeStampFilterEqualsToQueryResponseAssertion -->
  <testcase name="timeStampFilterEqualsToQueryResponseAllJSONfieldsExist" time="0.0" classname="org.ceilometer.CeilometerTestAutomationSuite.MeterListFilterQueryByTimestamp_EQ_Test">
    <skipped/>
  </testcase> <!-- timeStampFilterEqualsToQueryResponseAllJSONfieldsExist -->
  <testcase name="timeStampFilterGreaterThanOrEqualToQueryResponseAllJSONfieldsExist" time="23.522" classname="org.ceilometer.CeilometerTestAutomationSuite.MeterListFilterQueryByTimestamp_GE_Test"/>
  <testcase name="timeStampFilterGreaterThanOrEqualToQueryResponseAssertion" time="15.361" classname="org.ceilometer.CeilometerTestAutomationSuite.MeterListFilterQueryByTimestamp_GE_Test"/>
  <testcase name="timeStampFilterGreaterThanQueryResponseAllJSONfieldsExist" time="36.107" classname="org.ceilometer.CeilometerTestAutomationSuite.MeterListFilterQueryByTimestamp_GT_Test"/>
  <testcase name="timeStampFilterGreaterThanQueryResponseAssertion" time="16.862" classname="org.ceilometer.CeilometerTestAutomationSuite.MeterListFilterQueryByTimestamp_GT_Test"/>
  <testcase name="timeStampFilterLessThanOrEqualToQueryResponseAllJSONfieldsExist" time="20.908" classname="org.ceilometer.CeilometerTestAutomationSuite.MeterListFilterQueryByTimestamp_LE_Test"/>
  <testcase name="timeStampFilterLessThanOrEqualToQueryResponseAssertion" time="18.303" classname="org.ceilometer.CeilometerTestAutomationSuite.MeterListFilterQueryByTimestamp_LE_Test"/>
  <testcase name="timeStampFilterLessThanQueryResponseAllJSONfieldsExist" time="18.773" classname="org.ceilometer.CeilometerTestAutomationSuite.MeterListFilterQueryByTimestamp_LT_Test"/>
  <testcase name="timeStampFilterLessThanQueryResponseAssertion" time="15.529" classname="org.ceilometer.CeilometerTestAutomationSuite.MeterListFilterQueryByTimestamp_LT_Test"/>
  <testcase name="meterListResponseJSONObjectsExist" time="1.566" classname="org.ceilometer.CeilometerTestAutomationSuite.MeterListFilterWithFieldsTest"/>
  <testcase name="validateMeterListResponseJSONFields" time="0.905" classname="org.ceilometer.CeilometerTestAutomationSuite.MeterListFilterWithFieldsTest"/>
  <testcase name="verifyMeterListFilterWithMeterIdAllJSONFieldsExist" time="8.284" classname="org.ceilometer.CeilometerTestAutomationSuite.MeterListFilterWithFieldsTest"/>
  <testcase name="verifyMeterListFilterWithMeterIdResponseCode" time="13.094" classname="org.ceilometer.CeilometerTestAutomationSuite.MeterListFilterWithFieldsTest"/>
  <testcase name="invalidTokenGetMetersResponseCode" time="1.328" classname="org.ceilometer.CeilometerTestAutomationSuite.MeterListTest"/>
  <testcase name="verifyGetMetersResponseCode" time="2.311" classname="org.ceilometer.CeilometerTestAutomationSuite.MeterListTest"/>
  <testcase name="meterListResponseJSONObjectsExist" time="2.187" classname="org.ceilometer.CeilometerTestAutomationSuite.MeterListValidatorTest"/>
  <testcase name="validateMeterListResponseJSONFields" time="1.008" classname="org.ceilometer.CeilometerTestAutomationSuite.MeterListValidatorTest"/>
  <testcase name="meterListWithMeterNameResponseAssertionTest" time="9.477" classname="org.ceilometer.CeilometerTestAutomationSuite.MeterListWithMeterNameTest"/>
  <testcase name="meterListWithMeterNameAllJSONFieldsExistTest" time="9.317" classname="org.ceilometer.CeilometerTestAutomationSuite.MeterListWithMeterNameTest"/>
  <testcase name="meterListWithMeterNameVerifyMeterNameTest" time="8.922" classname="org.ceilometer.CeilometerTestAutomationSuite.MeterListWithMeterNameTest">
    <failure type="junit.framework.AssertionFailedError">
      <![CDATA[junit.framework.AssertionFailedError
	at junit.framework.Assert.fail(Assert.java:48)
	at junit.framework.Assert.assertTrue(Assert.java:20)
	at junit.framework.Assert.assertTrue(Assert.java:27)
	at org.ceilometer.CeilometerTestAutomationSuite.MeterListWithMeterNameTest.meterListWithMeterNameVerifyMeterNameTest(MeterListWithMeterNameTest.java:99)
	at com.sun.proxy.$Proxy0.invoke(Unknown Source)
... Removed 32 stack frames]]>
    </failure>
  </testcase> <!-- meterListWithMeterNameVerifyMeterNameTest -->
</testsuite> <!-- Regression1 -->
