<?xml version="1.0" encoding="UTF-8"?>
<!-- Generated by org.testng.reporters.JUnitXMLReporter -->
<testsuite hostname="REKHASU1" name="Regression1" tests="8" failures="0" timestamp="13 Jun 2014 11:53:27 GMT" time="87.23" errors="0">
  <testcase name="meterListResponseJSONObjectsExist" time="5.011" classname="org.ceilometer.CeilometerTestAutomationSuite.MeterListFilterWithFields"/>
  <testcase name="validateMeterListResponseJSONFields" time="1.798" classname="org.ceilometer.CeilometerTestAutomationSuite.MeterListFilterWithFields"/>
  <testcase name="verifyMeterListFilterWithMeterIdAllJSONFieldsExist" time="20.599" classname="org.ceilometer.CeilometerTestAutomationSuite.MeterListFilterWithFields"/>
  <testcase name="verifyMeterListFilterWithMeterIdResponseCode" time="32.055" classname="org.ceilometer.CeilometerTestAutomationSuite.MeterListFilterWithFields"/>
  <testcase name="invalidTokenGetMetersResponseCode" time="1.762" classname="org.ceilometer.CeilometerTestAutomationSuite.MeterListTest1"/>
  <testcase name="verifyGetMetersResponseCode" time="5.245" classname="org.ceilometer.CeilometerTestAutomationSuite.MeterListTest1"/>
  <testcase name="meterListResponseJSONObjectsExist" time="3.135" classname="org.ceilometer.CeilometerTestAutomationSuite.MeterListValidatorTest"/>
  <testcase name="validateMeterListResponseJSONFields" time="2.071" classname="org.ceilometer.CeilometerTestAutomationSuite.MeterListValidatorTest"/>
</testsuite> <!-- Regression1 -->
