<?xml version="1.0" encoding="UTF-8"?>
<testng-results skipped="1" failed="2" total="30" passed="27">
  <reporter-output>
  </reporter-output>
  <suite name="CeiloMeterSuite" duration-ms="379260" started-at="2014-06-18T11:03:39Z" finished-at="2014-06-18T11:09:58Z">
    <groups>
    </groups>
    <test name="Regression1" duration-ms="379260" started-at="2014-06-18T11:03:39Z" finished-at="2014-06-18T11:09:58Z">
      <class name="org.ceilometer.CeilometerTestAutomationSuite.MeterListFilterQueryByTimestamp_LE_Test">
        <test-method status="PASS" signature="beforeClass()[pri:0, instance:org.ceilometer.CeilometerTestAutomationSuite.MeterListFilterQueryByTimestamp_LE_Test@602f958]" name="beforeClass" is-config="true" duration-ms="2731" started-at="2014-06-18T16:37:28Z" finished-at="2014-06-18T16:37:31Z">
          <reporter-output>
          </reporter-output>
        </test-method> <!-- beforeClass -->
        <test-method status="PASS" signature="timeStampFilterLessThanOrEqualToQueryResponseAllJSONfieldsExist()[pri:0, instance:org.ceilometer.CeilometerTestAutomationSuite.MeterListFilterQueryByTimestamp_LE_Test@602f958]" name="timeStampFilterLessThanOrEqualToQueryResponseAllJSONfieldsExist" duration-ms="21415" started-at="2014-06-18T16:37:31Z" finished-at="2014-06-18T16:37:52Z">
          <reporter-output>
          </reporter-output>
        </test-method> <!-- timeStampFilterLessThanOrEqualToQueryResponseAllJSONfieldsExist -->
        <test-method status="PASS" signature="timeStampFilterLessThanOrEqualToQueryResponseAssertion()[pri:0, instance:org.ceilometer.CeilometerTestAutomationSuite.MeterListFilterQueryByTimestamp_LE_Test@602f958]" name="timeStampFilterLessThanOrEqualToQueryResponseAssertion" duration-ms="17375" started-at="2014-06-18T16:37:52Z" finished-at="2014-06-18T16:38:09Z">
          <reporter-output>
          </reporter-output>
        </test-method> <!-- timeStampFilterLessThanOrEqualToQueryResponseAssertion -->
        <test-method status="PASS" signature="afterClass()[pri:0, instance:org.ceilometer.CeilometerTestAutomationSuite.MeterListFilterQueryByTimestamp_LE_Test@602f958]" name="afterClass" is-config="true" duration-ms="0" started-at="2014-06-18T16:38:09Z" finished-at="2014-06-18T16:38:09Z">
          <reporter-output>
          </reporter-output>
        </test-method> <!-- afterClass -->
      </class> <!-- org.ceilometer.CeilometerTestAutomationSuite.MeterListFilterQueryByTimestamp_LE_Test -->
      <class name="org.ceilometer.CeilometerTestAutomationSuite.FilterQueryProjectIDTest">
        <test-method status="PASS" signature="beforeClass()[pri:0, instance:org.ceilometer.CeilometerTestAutomationSuite.FilterQueryProjectIDTest@50ee1793]" name="beforeClass" is-config="true" duration-ms="3305" started-at="2014-06-18T16:34:19Z" finished-at="2014-06-18T16:34:23Z">
          <reporter-output>
          </reporter-output>
        </test-method> <!-- beforeClass -->
        <test-method status="PASS" signature="projectIdFilterQueryTestResponseAssertionTest()[pri:0, instance:org.ceilometer.CeilometerTestAutomationSuite.FilterQueryProjectIDTest@50ee1793]" name="projectIdFilterQueryTestResponseAssertionTest" duration-ms="14019" started-at="2014-06-18T16:34:23Z" finished-at="2014-06-18T16:34:37Z">
          <reporter-output>
          </reporter-output>
        </test-method> <!-- projectIdFilterQueryTestResponseAssertionTest -->
        <test-method status="PASS" signature="projectIdFilterQueryResponseAllJSONfieldsExist()[pri:0, instance:org.ceilometer.CeilometerTestAutomationSuite.FilterQueryProjectIDTest@50ee1793]" name="projectIdFilterQueryResponseAllJSONfieldsExist" duration-ms="13028" started-at="2014-06-18T16:34:37Z" depends-on-methods="org.ceilometer.CeilometerTestAutomationSuite.FilterQueryProjectIDTest.projectIdFilterQueryTestResponseAssertionTest" finished-at="2014-06-18T16:34:50Z">
          <reporter-output>
          </reporter-output>
        </test-method> <!-- projectIdFilterQueryResponseAllJSONfieldsExist -->
        <test-method status="PASS" signature="projectIdFilterQueryVerifyProjectIdValue()[pri:0, instance:org.ceilometer.CeilometerTestAutomationSuite.FilterQueryProjectIDTest@50ee1793]" name="projectIdFilterQueryVerifyProjectIdValue" duration-ms="8645" started-at="2014-06-18T16:34:50Z" depends-on-methods="org.ceilometer.CeilometerTestAutomationSuite.FilterQueryProjectIDTest.projectIdFilterQueryTestResponseAssertionTest" finished-at="2014-06-18T16:34:58Z">
          <reporter-output>
          </reporter-output>
        </test-method> <!-- projectIdFilterQueryVerifyProjectIdValue -->
        <test-method status="PASS" signature="afterClass()[pri:0, instance:org.ceilometer.CeilometerTestAutomationSuite.FilterQueryProjectIDTest@50ee1793]" name="afterClass" is-config="true" duration-ms="0" started-at="2014-06-18T16:34:58Z" finished-at="2014-06-18T16:34:58Z">
          <reporter-output>
          </reporter-output>
        </test-method> <!-- afterClass -->
      </class> <!-- org.ceilometer.CeilometerTestAutomationSuite.FilterQueryProjectIDTest -->
      <class name="org.ceilometer.CeilometerTestAutomationSuite.MeterListFilterQueryByTimestamp_EQ_Test">
        <test-method status="PASS" signature="beforeClass()[pri:0, instance:org.ceilometer.CeilometerTestAutomationSuite.MeterListFilterQueryByTimestamp_EQ_Test@7d2193ae]" name="beforeClass" is-config="true" duration-ms="2793" started-at="2014-06-18T16:35:35Z" finished-at="2014-06-18T16:35:37Z">
          <reporter-output>
          </reporter-output>
        </test-method> <!-- beforeClass -->
        <test-method status="FAIL" signature="timeStampFilterEqualsToQueryResponseAssertion()[pri:0, instance:org.ceilometer.CeilometerTestAutomationSuite.MeterListFilterQueryByTimestamp_EQ_Test@7d2193ae]" name="timeStampFilterEqualsToQueryResponseAssertion" duration-ms="4932" started-at="2014-06-18T16:35:37Z" finished-at="2014-06-18T16:35:42Z">
          <exception class="junit.framework.AssertionFailedError">
            <message>
              <![CDATA[expected:<400> but was:<200>]]>
            </message>
            <full-stacktrace>
              <![CDATA[junit.framework.AssertionFailedError: expected:<400> but was:<200>
	at junit.framework.Assert.fail(Assert.java:50)
	at junit.framework.Assert.failNotEquals(Assert.java:287)
	at junit.framework.Assert.assertEquals(Assert.java:67)
	at junit.framework.Assert.assertEquals(Assert.java:199)
	at junit.framework.Assert.assertEquals(Assert.java:205)
	at org.ceilometer.CeilometerTestAutomationSuite.MeterListFilterQueryByTimestamp_EQ_Test.timeStampFilterEqualsToQueryResponseAssertion(MeterListFilterQueryByTimestamp_EQ_Test.java:68)
	at sun.reflect.NativeMethodAccessorImpl.invoke0(Native Method)
	at sun.reflect.NativeMethodAccessorImpl.invoke(NativeMethodAccessorImpl.java:57)
	at sun.reflect.DelegatingMethodAccessorImpl.invoke(DelegatingMethodAccessorImpl.java:43)
	at java.lang.reflect.Method.invoke(Method.java:606)
	at org.testng.internal.MethodInvocationHelper.invokeMethod(MethodInvocationHelper.java:84)
	at org.testng.internal.Invoker.invokeMethod(Invoker.java:714)
	at org.testng.internal.Invoker.invokeTestMethod(Invoker.java:901)
	at org.testng.internal.Invoker.invokeTestMethods(Invoker.java:1231)
	at org.testng.internal.TestMethodWorker.invokeTestMethods(TestMethodWorker.java:127)
	at org.testng.internal.TestMethodWorker.run(TestMethodWorker.java:111)
	at org.testng.TestRunner.privateRun(TestRunner.java:767)
	at org.testng.TestRunner.run(TestRunner.java:617)
	at org.testng.SuiteRunner.runTest(SuiteRunner.java:334)
	at org.testng.SuiteRunner.runSequentially(SuiteRunner.java:329)
	at org.testng.SuiteRunner.privateRun(SuiteRunner.java:291)
	at org.testng.SuiteRunner.run(SuiteRunner.java:240)
	at org.testng.SuiteRunnerWorker.runSuite(SuiteRunnerWorker.java:52)
	at org.testng.SuiteRunnerWorker.run(SuiteRunnerWorker.java:86)
	at org.testng.TestNG.runSuitesSequentially(TestNG.java:1224)
	at org.testng.TestNG.runSuitesLocally(TestNG.java:1149)
	at org.testng.TestNG.run(TestNG.java:1057)
	at org.apache.maven.surefire.testng.TestNGExecutor.run(TestNGExecutor.java:72)
	at org.apache.maven.surefire.testng.TestNGXmlTestSuite.execute(TestNGXmlTestSuite.java:88)
	at org.apache.maven.surefire.testng.TestNGProvider.invoke(TestNGProvider.java:101)
	at sun.reflect.NativeMethodAccessorImpl.invoke0(Native Method)
	at sun.reflect.NativeMethodAccessorImpl.invoke(NativeMethodAccessorImpl.java:57)
	at sun.reflect.DelegatingMethodAccessorImpl.invoke(DelegatingMethodAccessorImpl.java:43)
	at java.lang.reflect.Method.invoke(Method.java:606)
	at org.apache.maven.surefire.booter.ProviderFactory$ClassLoaderProxy.invoke(ProviderFactory.java:103)
	at com.sun.proxy.$Proxy0.invoke(Unknown Source)
	at org.apache.maven.surefire.booter.SurefireStarter.invokeProvider(SurefireStarter.java:150)
	at org.apache.maven.surefire.booter.SurefireStarter.runSuitesInProcess(SurefireStarter.java:91)
	at org.apache.maven.surefire.booter.ForkedBooter.main(ForkedBooter.java:69)
]]>
            </full-stacktrace>
          </exception> <!-- junit.framework.AssertionFailedError -->
          <reporter-output>
          </reporter-output>
        </test-method> <!-- timeStampFilterEqualsToQueryResponseAssertion -->
        <test-method status="SKIP" signature="timeStampFilterEqualsToQueryResponseAllJSONfieldsExist()[pri:0, instance:org.ceilometer.CeilometerTestAutomationSuite.MeterListFilterQueryByTimestamp_EQ_Test@7d2193ae]" name="timeStampFilterEqualsToQueryResponseAllJSONfieldsExist" duration-ms="1" started-at="2014-06-18T16:35:42Z" depends-on-methods="org.ceilometer.CeilometerTestAutomationSuite.MeterListFilterQueryByTimestamp_EQ_Test.timeStampFilterEqualsToQueryResponseAssertion" finished-at="2014-06-18T16:35:42Z">
          <reporter-output>
          </reporter-output>
        </test-method> <!-- timeStampFilterEqualsToQueryResponseAllJSONfieldsExist -->
        <test-method status="PASS" signature="afterClass()[pri:0, instance:org.ceilometer.CeilometerTestAutomationSuite.MeterListFilterQueryByTimestamp_EQ_Test@7d2193ae]" name="afterClass" is-config="true" duration-ms="0" started-at="2014-06-18T16:35:42Z" finished-at="2014-06-18T16:35:42Z">
          <reporter-output>
          </reporter-output>
        </test-method> <!-- afterClass -->
      </class> <!-- org.ceilometer.CeilometerTestAutomationSuite.MeterListFilterQueryByTimestamp_EQ_Test -->
      <class name="org.ceilometer.CeilometerTestAutomationSuite.MeterListFilterWithFieldsTest">
        <test-method status="PASS" signature="beforeClass()[pri:0, instance:org.ceilometer.CeilometerTestAutomationSuite.MeterListFilterWithFieldsTest@2766c4b0]" name="beforeClass" is-config="true" duration-ms="3785" started-at="2014-06-18T16:38:55Z" finished-at="2014-06-18T16:38:59Z">
          <reporter-output>
          </reporter-output>
        </test-method> <!-- beforeClass -->
        <test-method status="PASS" signature="meterListResponseJSONObjectsExist()[pri:0, instance:org.ceilometer.CeilometerTestAutomationSuite.MeterListFilterWithFieldsTest@2766c4b0]" name="meterListResponseJSONObjectsExist" duration-ms="1733" started-at="2014-06-18T16:38:59Z" finished-at="2014-06-18T16:39:01Z">
          <reporter-output>
          </reporter-output>
        </test-method> <!-- meterListResponseJSONObjectsExist -->
        <test-method status="PASS" signature="validateMeterListResponseJSONFields()[pri:0, instance:org.ceilometer.CeilometerTestAutomationSuite.MeterListFilterWithFieldsTest@2766c4b0]" name="validateMeterListResponseJSONFields" duration-ms="981" started-at="2014-06-18T16:39:01Z" finished-at="2014-06-18T16:39:02Z">
          <reporter-output>
          </reporter-output>
        </test-method> <!-- validateMeterListResponseJSONFields -->
        <test-method status="PASS" signature="verifyMeterListFilterWithMeterIdAllJSONFieldsExist()[pri:0, instance:org.ceilometer.CeilometerTestAutomationSuite.MeterListFilterWithFieldsTest@2766c4b0]" name="verifyMeterListFilterWithMeterIdAllJSONFieldsExist" duration-ms="8338" started-at="2014-06-18T16:39:02Z" finished-at="2014-06-18T16:39:10Z">
          <reporter-output>
          </reporter-output>
        </test-method> <!-- verifyMeterListFilterWithMeterIdAllJSONFieldsExist -->
        <test-method status="PASS" signature="verifyMeterListFilterWithMeterIdResponseCode()[pri:0, instance:org.ceilometer.CeilometerTestAutomationSuite.MeterListFilterWithFieldsTest@2766c4b0]" name="verifyMeterListFilterWithMeterIdResponseCode" duration-ms="11403" started-at="2014-06-18T16:39:10Z" finished-at="2014-06-18T16:39:21Z">
          <reporter-output>
          </reporter-output>
        </test-method> <!-- verifyMeterListFilterWithMeterIdResponseCode -->
        <test-method status="PASS" signature="afterClass()[pri:0, instance:org.ceilometer.CeilometerTestAutomationSuite.MeterListFilterWithFieldsTest@2766c4b0]" name="afterClass" is-config="true" duration-ms="0" started-at="2014-06-18T16:39:21Z" finished-at="2014-06-18T16:39:21Z">
          <reporter-output>
          </reporter-output>
        </test-method> <!-- afterClass -->
      </class> <!-- org.ceilometer.CeilometerTestAutomationSuite.MeterListFilterWithFieldsTest -->
      <class name="org.ceilometer.CeilometerTestAutomationSuite.MeterListFilterQueryByTimestamp_GE_Test">
        <test-method status="PASS" signature="beforeClass()[pri:0, instance:org.ceilometer.CeilometerTestAutomationSuite.MeterListFilterQueryByTimestamp_GE_Test@3f4ddd67]" name="beforeClass" is-config="true" duration-ms="791" started-at="2014-06-18T16:35:42Z" finished-at="2014-06-18T16:35:43Z">
          <reporter-output>
          </reporter-output>
        </test-method> <!-- beforeClass -->
        <test-method status="PASS" signature="timeStampFilterGreaterThanOrEqualToQueryResponseAllJSONfieldsExist()[pri:0, instance:org.ceilometer.CeilometerTestAutomationSuite.MeterListFilterQueryByTimestamp_GE_Test@3f4ddd67]" name="timeStampFilterGreaterThanOrEqualToQueryResponseAllJSONfieldsExist" duration-ms="26249" started-at="2014-06-18T16:35:43Z" finished-at="2014-06-18T16:36:09Z">
          <reporter-output>
          </reporter-output>
        </test-method> <!-- timeStampFilterGreaterThanOrEqualToQueryResponseAllJSONfieldsExist -->
        <test-method status="PASS" signature="timeStampFilterGreaterThanOrEqualToQueryResponseAssertion()[pri:0, instance:org.ceilometer.CeilometerTestAutomationSuite.MeterListFilterQueryByTimestamp_GE_Test@3f4ddd67]" name="timeStampFilterGreaterThanOrEqualToQueryResponseAssertion" duration-ms="24775" started-at="2014-06-18T16:36:09Z" finished-at="2014-06-18T16:36:34Z">
          <reporter-output>
          </reporter-output>
        </test-method> <!-- timeStampFilterGreaterThanOrEqualToQueryResponseAssertion -->
        <test-method status="PASS" signature="afterClass()[pri:0, instance:org.ceilometer.CeilometerTestAutomationSuite.MeterListFilterQueryByTimestamp_GE_Test@3f4ddd67]" name="afterClass" is-config="true" duration-ms="0" started-at="2014-06-18T16:36:34Z" finished-at="2014-06-18T16:36:34Z">
          <reporter-output>
          </reporter-output>
        </test-method> <!-- afterClass -->
      </class> <!-- org.ceilometer.CeilometerTestAutomationSuite.MeterListFilterQueryByTimestamp_GE_Test -->
      <class name="org.ceilometer.CeilometerTestAutomationSuite.MeterListFilterQueryByTimestamp_GT_Test">
        <test-method status="PASS" signature="beforeClass()[pri:0, instance:org.ceilometer.CeilometerTestAutomationSuite.MeterListFilterQueryByTimestamp_GT_Test@48e472f8]" name="beforeClass" is-config="true" duration-ms="3209" started-at="2014-06-18T16:36:34Z" finished-at="2014-06-18T16:36:37Z">
          <reporter-output>
          </reporter-output>
        </test-method> <!-- beforeClass -->
        <test-method status="PASS" signature="timeStampFilterGreaterThanQueryResponseAllJSONfieldsExist()[pri:0, instance:org.ceilometer.CeilometerTestAutomationSuite.MeterListFilterQueryByTimestamp_GT_Test@48e472f8]" name="timeStampFilterGreaterThanQueryResponseAllJSONfieldsExist" duration-ms="27218" started-at="2014-06-18T16:36:37Z" finished-at="2014-06-18T16:37:05Z">
          <reporter-output>
          </reporter-output>
        </test-method> <!-- timeStampFilterGreaterThanQueryResponseAllJSONfieldsExist -->
        <test-method status="PASS" signature="timeStampFilterGreaterThanQueryResponseAssertion()[pri:0, instance:org.ceilometer.CeilometerTestAutomationSuite.MeterListFilterQueryByTimestamp_GT_Test@48e472f8]" name="timeStampFilterGreaterThanQueryResponseAssertion" duration-ms="23195" started-at="2014-06-18T16:37:05Z" finished-at="2014-06-18T16:37:28Z">
          <reporter-output>
          </reporter-output>
        </test-method> <!-- timeStampFilterGreaterThanQueryResponseAssertion -->
        <test-method status="PASS" signature="afterClass()[pri:0, instance:org.ceilometer.CeilometerTestAutomationSuite.MeterListFilterQueryByTimestamp_GT_Test@48e472f8]" name="afterClass" is-config="true" duration-ms="0" started-at="2014-06-18T16:37:28Z" finished-at="2014-06-18T16:37:28Z">
          <reporter-output>
          </reporter-output>
        </test-method> <!-- afterClass -->
      </class> <!-- org.ceilometer.CeilometerTestAutomationSuite.MeterListFilterQueryByTimestamp_GT_Test -->
      <class name="org.ceilometer.CeilometerTestAutomationSuite.MeterListWithMeterNameTest">
        <test-method status="PASS" signature="beforeClass()[pri:0, instance:org.ceilometer.CeilometerTestAutomationSuite.MeterListWithMeterNameTest@61b92a37]" name="beforeClass" is-config="true" duration-ms="1385" started-at="2014-06-18T16:39:32Z" finished-at="2014-06-18T16:39:34Z">
          <reporter-output>
          </reporter-output>
        </test-method> <!-- beforeClass -->
        <test-method status="PASS" signature="meterListWithMeterNameResponseAssertionTest()[pri:0, instance:org.ceilometer.CeilometerTestAutomationSuite.MeterListWithMeterNameTest@61b92a37]" name="meterListWithMeterNameResponseAssertionTest" duration-ms="10267" started-at="2014-06-18T16:39:34Z" finished-at="2014-06-18T16:39:44Z">
          <reporter-output>
          </reporter-output>
        </test-method> <!-- meterListWithMeterNameResponseAssertionTest -->
        <test-method status="PASS" signature="meterListWithMeterNameAllJSONFieldsExistTest()[pri:0, instance:org.ceilometer.CeilometerTestAutomationSuite.MeterListWithMeterNameTest@61b92a37]" name="meterListWithMeterNameAllJSONFieldsExistTest" duration-ms="8284" started-at="2014-06-18T16:39:44Z" depends-on-methods="org.ceilometer.CeilometerTestAutomationSuite.MeterListWithMeterNameTest.meterListWithMeterNameResponseAssertionTest" finished-at="2014-06-18T16:39:52Z">
          <reporter-output>
          </reporter-output>
        </test-method> <!-- meterListWithMeterNameAllJSONFieldsExistTest -->
        <test-method status="FAIL" signature="meterListWithMeterNameVerifyMeterNameTest()[pri:0, instance:org.ceilometer.CeilometerTestAutomationSuite.MeterListWithMeterNameTest@61b92a37]" name="meterListWithMeterNameVerifyMeterNameTest" duration-ms="5545" started-at="2014-06-18T16:39:52Z" depends-on-methods="org.ceilometer.CeilometerTestAutomationSuite.MeterListWithMeterNameTest.meterListWithMeterNameResponseAssertionTest" finished-at="2014-06-18T16:39:58Z">
          <exception class="junit.framework.AssertionFailedError">
            <full-stacktrace>
              <![CDATA[junit.framework.AssertionFailedError
	at junit.framework.Assert.fail(Assert.java:48)
	at junit.framework.Assert.assertTrue(Assert.java:20)
	at junit.framework.Assert.assertTrue(Assert.java:27)
	at org.ceilometer.CeilometerTestAutomationSuite.MeterListWithMeterNameTest.meterListWithMeterNameVerifyMeterNameTest(MeterListWithMeterNameTest.java:99)
	at sun.reflect.NativeMethodAccessorImpl.invoke0(Native Method)
	at sun.reflect.NativeMethodAccessorImpl.invoke(NativeMethodAccessorImpl.java:57)
	at sun.reflect.DelegatingMethodAccessorImpl.invoke(DelegatingMethodAccessorImpl.java:43)
	at java.lang.reflect.Method.invoke(Method.java:606)
	at org.testng.internal.MethodInvocationHelper.invokeMethod(MethodInvocationHelper.java:84)
	at org.testng.internal.Invoker.invokeMethod(Invoker.java:714)
	at org.testng.internal.Invoker.invokeTestMethod(Invoker.java:901)
	at org.testng.internal.Invoker.invokeTestMethods(Invoker.java:1231)
	at org.testng.internal.TestMethodWorker.invokeTestMethods(TestMethodWorker.java:127)
	at org.testng.internal.TestMethodWorker.run(TestMethodWorker.java:111)
	at org.testng.TestRunner.privateRun(TestRunner.java:767)
	at org.testng.TestRunner.run(TestRunner.java:617)
	at org.testng.SuiteRunner.runTest(SuiteRunner.java:334)
	at org.testng.SuiteRunner.runSequentially(SuiteRunner.java:329)
	at org.testng.SuiteRunner.privateRun(SuiteRunner.java:291)
	at org.testng.SuiteRunner.run(SuiteRunner.java:240)
	at org.testng.SuiteRunnerWorker.runSuite(SuiteRunnerWorker.java:52)
	at org.testng.SuiteRunnerWorker.run(SuiteRunnerWorker.java:86)
	at org.testng.TestNG.runSuitesSequentially(TestNG.java:1224)
	at org.testng.TestNG.runSuitesLocally(TestNG.java:1149)
	at org.testng.TestNG.run(TestNG.java:1057)
	at org.apache.maven.surefire.testng.TestNGExecutor.run(TestNGExecutor.java:72)
	at org.apache.maven.surefire.testng.TestNGXmlTestSuite.execute(TestNGXmlTestSuite.java:88)
	at org.apache.maven.surefire.testng.TestNGProvider.invoke(TestNGProvider.java:101)
	at sun.reflect.NativeMethodAccessorImpl.invoke0(Native Method)
	at sun.reflect.NativeMethodAccessorImpl.invoke(NativeMethodAccessorImpl.java:57)
	at sun.reflect.DelegatingMethodAccessorImpl.invoke(DelegatingMethodAccessorImpl.java:43)
	at java.lang.reflect.Method.invoke(Method.java:606)
	at org.apache.maven.surefire.booter.ProviderFactory$ClassLoaderProxy.invoke(ProviderFactory.java:103)
	at com.sun.proxy.$Proxy0.invoke(Unknown Source)
	at org.apache.maven.surefire.booter.SurefireStarter.invokeProvider(SurefireStarter.java:150)
	at org.apache.maven.surefire.booter.SurefireStarter.runSuitesInProcess(SurefireStarter.java:91)
	at org.apache.maven.surefire.booter.ForkedBooter.main(ForkedBooter.java:69)
]]>
            </full-stacktrace>
          </exception> <!-- junit.framework.AssertionFailedError -->
          <reporter-output>
          </reporter-output>
        </test-method> <!-- meterListWithMeterNameVerifyMeterNameTest -->
        <test-method status="PASS" signature="afterClass()[pri:0, instance:org.ceilometer.CeilometerTestAutomationSuite.MeterListWithMeterNameTest@61b92a37]" name="afterClass" is-config="true" duration-ms="0" started-at="2014-06-18T16:39:58Z" finished-at="2014-06-18T16:39:58Z">
          <reporter-output>
          </reporter-output>
        </test-method> <!-- afterClass -->
      </class> <!-- org.ceilometer.CeilometerTestAutomationSuite.MeterListWithMeterNameTest -->
      <class name="org.ceilometer.CeilometerTestAutomationSuite.MeterListValidatorTest">
        <test-method status="PASS" signature="beforeClass()[pri:0, instance:org.ceilometer.CeilometerTestAutomationSuite.MeterListValidatorTest@1102b5a9]" name="beforeClass" is-config="true" duration-ms="1299" started-at="2014-06-18T16:39:28Z" finished-at="2014-06-18T16:39:30Z">
          <reporter-output>
          </reporter-output>
        </test-method> <!-- beforeClass -->
        <test-method status="PASS" signature="meterListResponseJSONObjectsExist()[pri:0, instance:org.ceilometer.CeilometerTestAutomationSuite.MeterListValidatorTest@1102b5a9]" name="meterListResponseJSONObjectsExist" duration-ms="1751" started-at="2014-06-18T16:39:30Z" finished-at="2014-06-18T16:39:31Z">
          <reporter-output>
          </reporter-output>
        </test-method> <!-- meterListResponseJSONObjectsExist -->
        <test-method status="PASS" signature="validateMeterListResponseJSONFields()[pri:0, instance:org.ceilometer.CeilometerTestAutomationSuite.MeterListValidatorTest@1102b5a9]" name="validateMeterListResponseJSONFields" duration-ms="1030" started-at="2014-06-18T16:39:31Z" finished-at="2014-06-18T16:39:32Z">
          <reporter-output>
          </reporter-output>
        </test-method> <!-- validateMeterListResponseJSONFields -->
        <test-method status="PASS" signature="afterClass()[pri:0, instance:org.ceilometer.CeilometerTestAutomationSuite.MeterListValidatorTest@1102b5a9]" name="afterClass" is-config="true" duration-ms="0" started-at="2014-06-18T16:39:32Z" finished-at="2014-06-18T16:39:32Z">
          <reporter-output>
          </reporter-output>
        </test-method> <!-- afterClass -->
      </class> <!-- org.ceilometer.CeilometerTestAutomationSuite.MeterListValidatorTest -->
      <class name="org.ceilometer.CeilometerTestAutomationSuite.MeterListTest">
        <test-method status="PASS" signature="init()[pri:0, instance:org.ceilometer.CeilometerTestAutomationSuite.MeterListTest@e381d2b]" name="init" is-config="true" duration-ms="1" started-at="2014-06-18T16:39:21Z" finished-at="2014-06-18T16:39:21Z">
          <reporter-output>
          </reporter-output>
        </test-method> <!-- init -->
        <test-method status="PASS" signature="setUp()[pri:0, instance:org.ceilometer.CeilometerTestAutomationSuite.MeterListTest@e381d2b]" name="setUp" is-config="true" duration-ms="2790" started-at="2014-06-18T16:39:21Z" finished-at="2014-06-18T16:39:24Z">
          <reporter-output>
          </reporter-output>
        </test-method> <!-- setUp -->
        <test-method status="PASS" signature="invalidTokenGetMetersResponseCode()[pri:0, instance:org.ceilometer.CeilometerTestAutomationSuite.MeterListTest@e381d2b]" name="invalidTokenGetMetersResponseCode" duration-ms="1568" started-at="2014-06-18T16:39:24Z" finished-at="2014-06-18T16:39:26Z">
          <reporter-output>
          </reporter-output>
        </test-method> <!-- invalidTokenGetMetersResponseCode -->
        <test-method status="PASS" signature="verifyGetMetersResponseCode()[pri:0, instance:org.ceilometer.CeilometerTestAutomationSuite.MeterListTest@e381d2b]" name="verifyGetMetersResponseCode" duration-ms="2633" started-at="2014-06-18T16:39:26Z" finished-at="2014-06-18T16:39:28Z">
          <reporter-output>
          </reporter-output>
        </test-method> <!-- verifyGetMetersResponseCode -->
      </class> <!-- org.ceilometer.CeilometerTestAutomationSuite.MeterListTest -->
      <class name="org.ceilometer.CeilometerTestAutomationSuite.FilterQueryByUserIDTest">
        <test-method status="PASS" signature="beforeClass()[pri:0, instance:org.ceilometer.CeilometerTestAutomationSuite.FilterQueryByUserIDTest@3aacbf34]" name="beforeClass" is-config="true" duration-ms="4660" started-at="2014-06-18T16:33:39Z" finished-at="2014-06-18T16:33:43Z">
          <reporter-output>
          </reporter-output>
        </test-method> <!-- beforeClass -->
        <test-method status="PASS" signature="userIdFilterQueryResponseAssertionTest()[pri:0, instance:org.ceilometer.CeilometerTestAutomationSuite.FilterQueryByUserIDTest@3aacbf34]" name="userIdFilterQueryResponseAssertionTest" duration-ms="15455" started-at="2014-06-18T16:33:43Z" finished-at="2014-06-18T16:33:59Z">
          <reporter-output>
          </reporter-output>
        </test-method> <!-- userIdFilterQueryResponseAssertionTest -->
        <test-method status="PASS" signature="userIdFilterQueryResponseAllJSONfieldsExist()[pri:0, instance:org.ceilometer.CeilometerTestAutomationSuite.FilterQueryByUserIDTest@3aacbf34]" name="userIdFilterQueryResponseAllJSONfieldsExist" duration-ms="9298" started-at="2014-06-18T16:33:59Z" depends-on-methods="org.ceilometer.CeilometerTestAutomationSuite.FilterQueryByUserIDTest.userIdFilterQueryResponseAssertionTest" finished-at="2014-06-18T16:34:08Z">
          <reporter-output>
          </reporter-output>
        </test-method> <!-- userIdFilterQueryResponseAllJSONfieldsExist -->
        <test-method status="PASS" signature="userIdFilterQueryVerifyuserIdValue()[pri:0, instance:org.ceilometer.CeilometerTestAutomationSuite.FilterQueryByUserIDTest@3aacbf34]" name="userIdFilterQueryVerifyuserIdValue" duration-ms="11365" started-at="2014-06-18T16:34:08Z" depends-on-methods="org.ceilometer.CeilometerTestAutomationSuite.FilterQueryByUserIDTest.userIdFilterQueryResponseAssertionTest" finished-at="2014-06-18T16:34:19Z">
          <reporter-output>
          </reporter-output>
        </test-method> <!-- userIdFilterQueryVerifyuserIdValue -->
        <test-method status="PASS" signature="afterClass()[pri:0, instance:org.ceilometer.CeilometerTestAutomationSuite.FilterQueryByUserIDTest@3aacbf34]" name="afterClass" is-config="true" duration-ms="1" started-at="2014-06-18T16:34:19Z" finished-at="2014-06-18T16:34:19Z">
          <reporter-output>
          </reporter-output>
        </test-method> <!-- afterClass -->
      </class> <!-- org.ceilometer.CeilometerTestAutomationSuite.FilterQueryByUserIDTest -->
      <class name="org.ceilometer.CeilometerTestAutomationSuite.MeterListFilterQuerybyServiceIDTest1">
        <test-method status="PASS" signature="beforeClass()[pri:0, instance:org.ceilometer.CeilometerTestAutomationSuite.MeterListFilterQuerybyServiceIDTest1@233d0d04]" name="beforeClass" is-config="true" duration-ms="3571" started-at="2014-06-18T16:34:58Z" finished-at="2014-06-18T16:35:02Z">
          <reporter-output>
          </reporter-output>
        </test-method> <!-- beforeClass -->
        <test-method status="PASS" signature="serviceIdFilterQueryResponseAllJSONfieldsExist()[pri:0, instance:org.ceilometer.CeilometerTestAutomationSuite.MeterListFilterQuerybyServiceIDTest1@233d0d04]" name="serviceIdFilterQueryResponseAllJSONfieldsExist" duration-ms="12203" started-at="2014-06-18T16:35:02Z" finished-at="2014-06-18T16:35:14Z">
          <reporter-output>
          </reporter-output>
        </test-method> <!-- serviceIdFilterQueryResponseAllJSONfieldsExist -->
        <test-method status="PASS" signature="serviceIdFilterQueryResponseAssertionTest()[pri:0, instance:org.ceilometer.CeilometerTestAutomationSuite.MeterListFilterQuerybyServiceIDTest1@233d0d04]" name="serviceIdFilterQueryResponseAssertionTest" duration-ms="11933" started-at="2014-06-18T16:35:14Z" finished-at="2014-06-18T16:35:26Z">
          <reporter-output>
          </reporter-output>
        </test-method> <!-- serviceIdFilterQueryResponseAssertionTest -->
        <test-method status="PASS" signature="serviceIdFilterQueryResponseVerifyserviceIdValue()[pri:0, instance:org.ceilometer.CeilometerTestAutomationSuite.MeterListFilterQuerybyServiceIDTest1@233d0d04]" name="serviceIdFilterQueryResponseVerifyserviceIdValue" duration-ms="8502" started-at="2014-06-18T16:35:26Z" finished-at="2014-06-18T16:35:35Z">
          <reporter-output>
          </reporter-output>
        </test-method> <!-- serviceIdFilterQueryResponseVerifyserviceIdValue -->
        <test-method status="PASS" signature="afterClass()[pri:0, instance:org.ceilometer.CeilometerTestAutomationSuite.MeterListFilterQuerybyServiceIDTest1@233d0d04]" name="afterClass" is-config="true" duration-ms="0" started-at="2014-06-18T16:35:35Z" finished-at="2014-06-18T16:35:35Z">
          <reporter-output>
          </reporter-output>
        </test-method> <!-- afterClass -->
      </class> <!-- org.ceilometer.CeilometerTestAutomationSuite.MeterListFilterQuerybyServiceIDTest1 -->
      <class name="org.ceilometer.CeilometerTestAutomationSuite.MeterListFilterQueryByTimestamp_LT_Test">
        <test-method status="PASS" signature="beforeClass()[pri:0, instance:org.ceilometer.CeilometerTestAutomationSuite.MeterListFilterQueryByTimestamp_LT_Test@25091857]" name="beforeClass" is-config="true" duration-ms="4072" started-at="2014-06-18T16:38:09Z" finished-at="2014-06-18T16:38:13Z">
          <reporter-output>
          </reporter-output>
        </test-method> <!-- beforeClass -->
        <test-method status="PASS" signature="timeStampFilterLessThanQueryResponseAllJSONfieldsExist()[pri:0, instance:org.ceilometer.CeilometerTestAutomationSuite.MeterListFilterQueryByTimestamp_LT_Test@25091857]" name="timeStampFilterLessThanQueryResponseAllJSONfieldsExist" duration-ms="23922" started-at="2014-06-18T16:38:13Z" finished-at="2014-06-18T16:38:37Z">
          <reporter-output>
          </reporter-output>
        </test-method> <!-- timeStampFilterLessThanQueryResponseAllJSONfieldsExist -->
        <test-method status="PASS" signature="timeStampFilterLessThanQueryResponseAssertion()[pri:0, instance:org.ceilometer.CeilometerTestAutomationSuite.MeterListFilterQueryByTimestamp_LT_Test@25091857]" name="timeStampFilterLessThanQueryResponseAssertion" duration-ms="17746" started-at="2014-06-18T16:38:37Z" finished-at="2014-06-18T16:38:55Z">
          <reporter-output>
          </reporter-output>
        </test-method> <!-- timeStampFilterLessThanQueryResponseAssertion -->
        <test-method status="PASS" signature="afterClass()[pri:0, instance:org.ceilometer.CeilometerTestAutomationSuite.MeterListFilterQueryByTimestamp_LT_Test@25091857]" name="afterClass" is-config="true" duration-ms="0" started-at="2014-06-18T16:38:55Z" finished-at="2014-06-18T16:38:55Z">
          <reporter-output>
          </reporter-output>
        </test-method> <!-- afterClass -->
      </class> <!-- org.ceilometer.CeilometerTestAutomationSuite.MeterListFilterQueryByTimestamp_LT_Test -->
    </test> <!-- Regression1 -->
  </suite> <!-- CeiloMeterSuite -->
</testng-results>
